#-----------------------------------------------------------
# Webtalk v2015.4 (64-bit)
# SW Build 1412921 on Wed Nov 18 09:43:45 MST 2015
# 
# Start of session at: Tue Apr 19 17:41:36 2016
# Process ID: 5336
# Current directory: C:/snickerdoodle_black_GPIO/snickerdoodle_black_GPIO.sdk/webtalk
# Command line: wbtcv.exe -mode batch -source sdk_webtalk.tcl
# Log file: C:/snickerdoodle_black_GPIO/snickerdoodle_black_GPIO.sdk/webtalk/webtalk.log
# Journal file: C:/snickerdoodle_black_GPIO/snickerdoodle_black_GPIO.sdk/webtalk\webtalk.jou
#-----------------------------------------------------------
source sdk_webtalk.tcl
# webtalk_init -webtalk_dir C:\\snickerdoodle_black_GPIO\\snickerdoodle_black_GPIO.sdk\\webtalk
# webtalk_register_client -client project
# webtalk_add_data -client project -key date_generated -value "Tue Apr 19 17:41:35 2016" -context "software_version_and_target_device"
# webtalk_add_data -client project -key product_version -value "SDK v2015.4" -context "software_version_and_target_device"
# webtalk_add_data -client project -key build_version -value "2015.4" -context "software_version_and_target_device"
# webtalk_add_data -client project -key os_platform -value "amd64" -context "software_version_and_target_device"
# webtalk_add_data -client project -key registration_id -value "" -context "software_version_and_target_device"
# webtalk_add_data -client project -key tool_flow -value "SDK" -context "software_version_and_target_device"
# webtalk_add_data -client project -key beta -value "false" -context "software_version_and_target_device"
# webtalk_add_data -client project -key route_design -value "NA" -context "software_version_and_target_device"
# webtalk_add_data -client project -key target_family -value "NA" -context "software_version_and_target_device"
# webtalk_add_data -client project -key target_device -value "NA" -context "software_version_and_target_device"
# webtalk_add_data -client project -key target_package -value "NA" -context "software_version_and_target_device"
# webtalk_add_data -client project -key target_speed -value "NA" -context "software_version_and_target_device"
# webtalk_add_data -client project -key random_id -value "e4m3ek3p9rf5elearcr1e0baig" -context "software_version_and_target_device"
# webtalk_add_data -client project -key project_id -value "2015.4_21" -context "software_version_and_target_device"
# webtalk_add_data -client project -key project_iteration -value "21" -context "software_version_and_target_device"
# webtalk_add_data -client project -key os_name -value "" -context "user_environment"
# webtalk_add_data -client project -key os_release -value "" -context "user_environment"
# webtalk_add_data -client project -key cpu_name -value "" -context "user_environment"
# webtalk_add_data -client project -key cpu_speed -value "" -context "user_environment"
# webtalk_add_data -client project -key total_processors -value "" -context "user_environment"
# webtalk_add_data -client project -key system_ram -value "" -context "user_environment"
# webtalk_register_client -client sdk
# webtalk_add_data -client sdk -key uid -value "1461112810278" -context "sdk\\\\hardware/1461112810278"
# webtalk_add_data -client sdk -key isZynq -value "true" -context "sdk\\\\hardware/1461112810278"
# webtalk_add_data -client sdk -key Processors -value "2" -context "sdk\\\\hardware/1461112810278"
# webtalk_add_data -client sdk -key VivadoVersion -value "2015.4" -context "sdk\\\\hardware/1461112810278"
# webtalk_add_data -client sdk -key Arch -value "zynq" -context "sdk\\\\hardware/1461112810278"
# webtalk_add_data -client sdk -key Device -value "7z020" -context "sdk\\\\hardware/1461112810278"
# webtalk_add_data -client sdk -key IsHandoff -value "true" -context "sdk\\\\hardware/1461112810278"
# webtalk_add_data -client sdk -key uid -value "1461112837158" -context "sdk\\\\bsp/1461112837158"
# webtalk_add_data -client sdk -key hwid -value "1461112810278" -context "sdk\\\\bsp/1461112837158"
# webtalk_add_data -client sdk -key os -value "standalone" -context "sdk\\\\bsp/1461112837158"
# webtalk_add_data -client sdk -key apptemplate -value "zynq_fsbl" -context "sdk\\\\bsp/1461112837158"
# webtalk_add_data -client sdk -key uid -value "1461112855320" -context "sdk\\\\application/1461112855320"
# webtalk_add_data -client sdk -key hwid -value "1461112810278" -context "sdk\\\\application/1461112855320"
# webtalk_add_data -client sdk -key bspid -value "1461112837158" -context "sdk\\\\application/1461112855320"
# webtalk_add_data -client sdk -key newbsp -value "true" -context "sdk\\\\application/1461112855320"
# webtalk_add_data -client sdk -key os -value "standalone" -context "sdk\\\\application/1461112855320"
# webtalk_add_data -client sdk -key apptemplate -value "zynq_fsbl" -context "sdk\\\\application/1461112855320"
# webtalk_transmit -clientid 338884632 -regid "" -xml C:\\snickerdoodle_black_GPIO\\snickerdoodle_black_GPIO.sdk\\webtalk\\usage_statistics_ext_sdk.xml -html C:\\snickerdoodle_black_GPIO\\snickerdoodle_black_GPIO.sdk\\webtalk\\usage_statistics_ext_sdk.html -wdm C:\\snickerdoodle_black_GPIO\\snickerdoodle_black_GPIO.sdk\\webtalk\\sdk_webtalk.wdm -intro "<H3>SDK Usage Report</H3><BR>"
webtalk_transmit: Time (s): cpu = 00:00:00 ; elapsed = 00:00:14 . Memory (MB): peak = 48.738 ; gain = 0.000
# webtalk_terminate
INFO: [Common 17-206] Exiting Webtalk at Tue Apr 19 17:41:53 2016...
