18:39:00 INFO  : Launching XSDB server: xsdb.bat -s C:/Xilinx/SDK/2015.2/scripts/xsdb/xsdb/xsdb-server.tcl
18:39:09 INFO  : Processing command line option -hwspec C:/snickerdoodle_base/snickerdoodle_base.sdk/base_block_design_wrapper.hdf.
18:39:11 INFO  : XSDB server has started successfully.
18:54:14 INFO  : Launching XSDB server: xsdb.bat -s C:/Xilinx/SDK/2015.2/scripts/xsdb/xsdb/xsdb-server.tcl
18:54:18 INFO  : XSDB server has started successfully.
18:54:24 INFO  : Processing command line option -hwspec C:/snickerdoodle_base/snickerdoodle_base.sdk/base_block_design_wrapper.hdf.
18:54:28 INFO  : Checking for hwspec changes in the project base_block_design_wrapper_hw_platform_0.
19:28:10 INFO  : Launching XSDB server: xsdb.bat -s C:/Xilinx/SDK/2015.2/scripts/xsdb/xsdb/xsdb-server.tcl
19:28:16 INFO  : XSDB server has started successfully.
19:28:19 INFO  : Processing command line option -hwspec C:/snickerdoodle_base/snickerdoodle_base.sdk/base_block_design_wrapper.hdf.
19:28:21 INFO  : Checking for hwspec changes in the project base_block_design_wrapper_hw_platform_0.
11:30:02 ERROR : Unexpected error while parsing XMD response ?: com.google.gson.JsonSyntaxException: com.google.gson.stream.MalformedJsonException: invalid number or unquoted string near 
13:44:26 INFO  : Launching XSDB server: xsdb.bat -s C:/Xilinx/SDK/2015.2/scripts/xsdb/xsdb/xsdb-server.tcl
13:44:32 INFO  : XSDB server has started successfully.
13:44:37 INFO  : Processing command line option -hwspec C:/snickerdoodle_base/snickerdoodle_base.sdk/base_block_design_wrapper.hdf.
13:44:42 INFO  : Checking for hwspec changes in the project base_block_design_wrapper_hw_platform_0.
13:44:45 INFO  : SDK has detected change in the last modified timestamps for source hardware specification file Source:1457732381937,  Project:1457656360490
13:44:45 INFO  : The hardware specification for project 'base_block_design_wrapper_hw_platform_0' is different from C:/snickerdoodle_base/snickerdoodle_base.sdk/base_block_design_wrapper.hdf.
13:44:45 INFO  : Copied contents of C:/snickerdoodle_base/snickerdoodle_base.sdk/base_block_design_wrapper.hdf into \base_block_design_wrapper_hw_platform_0\system.hdf.
13:44:52 INFO  : Synchronizing projects in the workspace with the hardware platform specification changes.
13:45:08 INFO  : 
13:45:11 INFO  : 
13:45:12 INFO  : Updating hardware inferred compiler options for FSBL.
13:45:13 INFO  : Updating hardware inferred compiler options for hello-world.
13:45:13 INFO  : Clearing existing target manager status.
13:45:13 INFO  : Workspace synchronized with the new hardware specification file. Cleaning dependent projects...
13:45:15 WARN  : Linker script will not be updated automatically. Users need to update it manually.
13:49:32 INFO  : Connected to target on host '127.0.0.1' and port '3121'.
13:49:32 INFO  : 'targets -set -filter {jtag_cable_name =~ "Platform Cable USB II 00001865c5d501" && level==0} -index 1' command is executed.
13:49:38 INFO  : FPGA configured successfully with bitstream "C:/snickerdoodle_base/snickerdoodle_base.sdk/base_block_design_wrapper_hw_platform_0/base_block_design_wrapper.bit"
14:24:23 INFO  : No changes in MSS file content so not generating sources.
17:30:28 ERROR : Unexpected error while parsing XMD response ?: com.google.gson.JsonSyntaxException: com.google.gson.stream.MalformedJsonException: invalid number or unquoted string near 
17:39:59 INFO  : Launching XSDB server: xsdb.bat -s C:/Xilinx/SDK/2015.2/scripts/xsdb/xsdb/xsdb-server.tcl
17:40:05 INFO  : XSDB server has started successfully.
17:40:12 INFO  : Processing command line option -hwspec C:/snickerdoodle_base/snickerdoodle_base.sdk/base_block_design_wrapper.hdf.
17:40:14 INFO  : Checking for hwspec changes in the project base_block_design_wrapper_hw_platform_0.
17:40:22 INFO  : SDK has detected change in the last modified timestamps for source hardware specification file Source:1457746698662,  Project:1457732381937
17:40:22 INFO  : The hardware specification for project 'base_block_design_wrapper_hw_platform_0' is different from C:/snickerdoodle_base/snickerdoodle_base.sdk/base_block_design_wrapper.hdf.
17:40:22 INFO  : Copied contents of C:/snickerdoodle_base/snickerdoodle_base.sdk/base_block_design_wrapper.hdf into \base_block_design_wrapper_hw_platform_0\system.hdf.
17:40:30 INFO  : Synchronizing projects in the workspace with the hardware platform specification changes.
17:40:48 INFO  : 
17:40:54 INFO  : 
17:40:55 INFO  : Updating hardware inferred compiler options for FSBL.
17:40:56 INFO  : Updating hardware inferred compiler options for hello-world.
17:40:56 INFO  : Clearing existing target manager status.
17:40:56 INFO  : Workspace synchronized with the new hardware specification file. Cleaning dependent projects...
17:40:58 WARN  : Linker script will not be updated automatically. Users need to update it manually.
18:09:21 INFO  : Saving repository preferences.
18:09:21 INFO  : Reading in cores from global repositories: 
		 C:\device-tree-xlnx
18:09:21 INFO  : Cleaning BSP projects in the workspace.
18:09:27 INFO  : Saving repository preferences.
18:09:51 ERROR : Unexpected error while obtaining referenced S/W project {}
org.eclipse.core.internal.resources.ResourceException: Resource '/hello-world_bsp' is not open.
	at org.eclipse.core.internal.resources.Project.checkAccessible(Project.java:150)
	at org.eclipse.core.internal.resources.Project.hasNature(Project.java:584)
	at com.xilinx.sdk.sw.SwProjectUtils.getReferencedSwProject(SwProjectUtils.java:259)
	at com.xilinx.sdk.tools.internal.CProjectPropertyTester.test(CProjectPropertyTester.java:31)
	at org.eclipse.core.internal.expressions.Property.test(Property.java:58)
	at org.eclipse.core.internal.expressions.TestExpression.evaluate(TestExpression.java:99)
	at org.eclipse.core.internal.expressions.CompositeExpression.evaluateAnd(CompositeExpression.java:53)
	at org.eclipse.core.internal.expressions.IterateExpression.evaluate(IterateExpression.java:189)
	at org.eclipse.core.internal.expressions.CompositeExpression.evaluateAnd(CompositeExpression.java:53)
	at org.eclipse.core.internal.expressions.WithExpression.evaluate(WithExpression.java:72)
	at org.eclipse.e4.ui.internal.workbench.ContributionsAnalyzer.isVisible(ContributionsAnalyzer.java:247)
	at org.eclipse.e4.ui.workbench.renderers.swt.ContributionRecord.computeVisibility(ContributionRecord.java:166)
	at org.eclipse.e4.ui.workbench.renderers.swt.ContributionRecord.updateVisibility(ContributionRecord.java:96)
	at org.eclipse.e4.ui.workbench.renderers.swt.MenuManagerRendererFilter.updateElementVisibility(MenuManagerRendererFilter.java:185)
	at org.eclipse.e4.ui.workbench.renderers.swt.MenuManagerShowProcessor.showMenu(MenuManagerShowProcessor.java:258)
	at org.eclipse.e4.ui.workbench.renderers.swt.MenuManagerShowProcessor.menuAboutToHide(MenuManagerShowProcessor.java:125)
	at org.eclipse.jface.internal.MenuManagerEventHelper.showEventPostHelper(MenuManagerEventHelper.java:54)
	at org.eclipse.jface.action.MenuManager.handleAboutToShow(MenuManager.java:476)
	at org.eclipse.jface.action.MenuManager.access$1(MenuManager.java:470)
	at org.eclipse.jface.action.MenuManager$2.menuShown(MenuManager.java:500)
	at org.eclipse.swt.widgets.TypedListener.handleEvent(TypedListener.java:255)
	at org.eclipse.swt.widgets.EventTable.sendEvent(EventTable.java:84)
	at org.eclipse.swt.widgets.Widget.sendEvent(Widget.java:1057)
	at org.eclipse.swt.widgets.Widget.sendEvent(Widget.java:1081)
	at org.eclipse.swt.widgets.Widget.sendEvent(Widget.java:1062)
	at org.eclipse.swt.widgets.Control.WM_INITMENUPOPUP(Control.java:4964)
	at org.eclipse.swt.widgets.Control.windowProc(Control.java:4640)
	at org.eclipse.swt.widgets.Canvas.windowProc(Canvas.java:340)
	at org.eclipse.swt.widgets.Decorations.windowProc(Decorations.java:1627)
	at org.eclipse.swt.widgets.Shell.windowProc(Shell.java:2075)
	at org.eclipse.swt.widgets.Display.windowProc(Display.java:4977)
	at org.eclipse.swt.internal.win32.OS.TrackPopupMenu(Native Method)
	at org.eclipse.swt.widgets.Menu._setVisible(Menu.java:257)
	at org.eclipse.swt.widgets.Display.runPopups(Display.java:4211)
	at org.eclipse.swt.widgets.Display.readAndDispatch(Display.java:3753)
	at org.eclipse.e4.ui.internal.workbench.swt.PartRenderingEngine$9.run(PartRenderingEngine.java:1113)
	at org.eclipse.core.databinding.observable.Realm.runWithDefault(Realm.java:332)
	at org.eclipse.e4.ui.internal.workbench.swt.PartRenderingEngine.run(PartRenderingEngine.java:997)
	at org.eclipse.e4.ui.internal.workbench.E4Workbench.createAndRunUI(E4Workbench.java:140)
	at org.eclipse.ui.internal.Workbench$5.run(Workbench.java:611)
	at org.eclipse.core.databinding.observable.Realm.runWithDefault(Realm.java:332)
	at org.eclipse.ui.internal.Workbench.createAndRunWorkbench(Workbench.java:567)
	at org.eclipse.ui.PlatformUI.createAndRunWorkbench(PlatformUI.java:150)
	at org.eclipse.ui.internal.ide.application.IDEApplication.start(IDEApplication.java:124)
	at org.eclipse.equinox.internal.app.EclipseAppHandle.run(EclipseAppHandle.java:196)
	at org.eclipse.core.runtime.internal.adaptor.EclipseAppLauncher.runApplication(EclipseAppLauncher.java:110)
	at org.eclipse.core.runtime.internal.adaptor.EclipseAppLauncher.start(EclipseAppLauncher.java:79)
	at org.eclipse.core.runtime.adaptor.EclipseStarter.run(EclipseStarter.java:354)
	at org.eclipse.core.runtime.adaptor.EclipseStarter.run(EclipseStarter.java:181)
	at sun.reflect.NativeMethodAccessorImpl.invoke0(Native Method)
	at sun.reflect.NativeMethodAccessorImpl.invoke(Unknown Source)
	at sun.reflect.DelegatingMethodAccessorImpl.invoke(Unknown Source)
	at java.lang.reflect.Method.invoke(Unknown Source)
	at org.eclipse.equinox.launcher.Main.invokeFramework(Main.java:636)
	at org.eclipse.equinox.launcher.Main.basicRun(Main.java:591)
	at org.eclipse.equinox.launcher.Main.run(Main.java:1450)
18:09:51 ERROR : Unexpected error while obtaining referenced S/W project {}
org.eclipse.core.internal.resources.ResourceException: Resource '/hello-world_bsp' is not open.
	at org.eclipse.core.internal.resources.Project.checkAccessible(Project.java:150)
	at org.eclipse.core.internal.resources.Project.hasNature(Project.java:584)
	at com.xilinx.sdk.sw.SwProjectUtils.getReferencedSwProject(SwProjectUtils.java:259)
	at com.xilinx.sdk.tools.internal.CProjectPropertyTester.test(CProjectPropertyTester.java:31)
	at org.eclipse.core.internal.expressions.Property.test(Property.java:58)
	at org.eclipse.core.internal.expressions.TestExpression.evaluate(TestExpression.java:99)
	at org.eclipse.core.internal.expressions.CompositeExpression.evaluateAnd(CompositeExpression.java:53)
	at org.eclipse.core.internal.expressions.IterateExpression.evaluate(IterateExpression.java:189)
	at org.eclipse.core.internal.expressions.CompositeExpression.evaluateAnd(CompositeExpression.java:53)
	at org.eclipse.core.internal.expressions.WithExpression.evaluate(WithExpression.java:72)
	at org.eclipse.e4.ui.internal.workbench.ContributionsAnalyzer.isVisible(ContributionsAnalyzer.java:247)
	at org.eclipse.e4.ui.workbench.renderers.swt.ContributionRecord.computeVisibility(ContributionRecord.java:166)
	at org.eclipse.e4.ui.workbench.renderers.swt.ContributionRecord.updateVisibility(ContributionRecord.java:96)
	at org.eclipse.e4.ui.workbench.renderers.swt.MenuManagerRendererFilter.updateElementVisibility(MenuManagerRendererFilter.java:185)
	at org.eclipse.e4.ui.workbench.renderers.swt.MenuManagerShowProcessor.showMenu(MenuManagerShowProcessor.java:258)
	at org.eclipse.e4.ui.workbench.renderers.swt.MenuManagerShowProcessor.menuAboutToHide(MenuManagerShowProcessor.java:125)
	at org.eclipse.jface.internal.MenuManagerEventHelper.showEventPostHelper(MenuManagerEventHelper.java:54)
	at org.eclipse.jface.action.MenuManager.handleAboutToShow(MenuManager.java:476)
	at org.eclipse.jface.action.MenuManager.access$1(MenuManager.java:470)
	at org.eclipse.jface.action.MenuManager$2.menuShown(MenuManager.java:500)
	at org.eclipse.swt.widgets.TypedListener.handleEvent(TypedListener.java:255)
	at org.eclipse.swt.widgets.EventTable.sendEvent(EventTable.java:84)
	at org.eclipse.swt.widgets.Widget.sendEvent(Widget.java:1057)
	at org.eclipse.swt.widgets.Widget.sendEvent(Widget.java:1081)
	at org.eclipse.swt.widgets.Widget.sendEvent(Widget.java:1062)
	at org.eclipse.swt.widgets.Control.WM_INITMENUPOPUP(Control.java:4964)
	at org.eclipse.swt.widgets.Control.windowProc(Control.java:4640)
	at org.eclipse.swt.widgets.Canvas.windowProc(Canvas.java:340)
	at org.eclipse.swt.widgets.Decorations.windowProc(Decorations.java:1627)
	at org.eclipse.swt.widgets.Shell.windowProc(Shell.java:2075)
	at org.eclipse.swt.widgets.Display.windowProc(Display.java:4977)
	at org.eclipse.swt.internal.win32.OS.TrackPopupMenu(Native Method)
	at org.eclipse.swt.widgets.Menu._setVisible(Menu.java:257)
	at org.eclipse.swt.widgets.Display.runPopups(Display.java:4211)
	at org.eclipse.swt.widgets.Display.readAndDispatch(Display.java:3753)
	at org.eclipse.e4.ui.internal.workbench.swt.PartRenderingEngine$9.run(PartRenderingEngine.java:1113)
	at org.eclipse.core.databinding.observable.Realm.runWithDefault(Realm.java:332)
	at org.eclipse.e4.ui.internal.workbench.swt.PartRenderingEngine.run(PartRenderingEngine.java:997)
	at org.eclipse.e4.ui.internal.workbench.E4Workbench.createAndRunUI(E4Workbench.java:140)
	at org.eclipse.ui.internal.Workbench$5.run(Workbench.java:611)
	at org.eclipse.core.databinding.observable.Realm.runWithDefault(Realm.java:332)
	at org.eclipse.ui.internal.Workbench.createAndRunWorkbench(Workbench.java:567)
	at org.eclipse.ui.PlatformUI.createAndRunWorkbench(PlatformUI.java:150)
	at org.eclipse.ui.internal.ide.application.IDEApplication.start(IDEApplication.java:124)
	at org.eclipse.equinox.internal.app.EclipseAppHandle.run(EclipseAppHandle.java:196)
	at org.eclipse.core.runtime.internal.adaptor.EclipseAppLauncher.runApplication(EclipseAppLauncher.java:110)
	at org.eclipse.core.runtime.internal.adaptor.EclipseAppLauncher.start(EclipseAppLauncher.java:79)
	at org.eclipse.core.runtime.adaptor.EclipseStarter.run(EclipseStarter.java:354)
	at org.eclipse.core.runtime.adaptor.EclipseStarter.run(EclipseStarter.java:181)
	at sun.reflect.NativeMethodAccessorImpl.invoke0(Native Method)
	at sun.reflect.NativeMethodAccessorImpl.invoke(Unknown Source)
	at sun.reflect.DelegatingMethodAccessorImpl.invoke(Unknown Source)
	at java.lang.reflect.Method.invoke(Unknown Source)
	at org.eclipse.equinox.launcher.Main.invokeFramework(Main.java:636)
	at org.eclipse.equinox.launcher.Main.basicRun(Main.java:591)
	at org.eclipse.equinox.launcher.Main.run(Main.java:1450)
18:10:14 INFO  : 'device_tree' is a board support package for an OS for which applications cannot be developed within SDK.
18:10:14 INFO  : You can configure and build project 'device_tree_bsp_0' within SDK at will, but have to export it into the appropriate third party environment to develop applications.
18:10:20 WARN  :  ps7_ethernet_0: No reset found
 ps7_usb_0: No reset found
18:10:20 INFO  : BSP Project P/device_tree_bsp_0 has been successfully migrated.
18:10:55 WARN  :  ps7_ethernet_0: No reset found
 ps7_usb_0: No reset found
18:58:27 INFO  : No changes in MSS file content so not generating sources.
12:13:38 ERROR : Unexpected error while fetching XMD's response: 
java.net.SocketException: Connection reset
	at java.net.SocketInputStream.read(Unknown Source)
	at java.net.SocketInputStream.read(Unknown Source)
	at sun.nio.cs.StreamDecoder.readBytes(Unknown Source)
	at sun.nio.cs.StreamDecoder.implRead(Unknown Source)
	at sun.nio.cs.StreamDecoder.read(Unknown Source)
	at java.io.InputStreamReader.read(Unknown Source)
	at java.io.BufferedReader.fill(Unknown Source)
	at java.io.BufferedReader.read(Unknown Source)
	at com.xilinx.sdk.targetmanager.internal.json.XMDJSONProcess$CommandResultsReader.run(XMDJSONProcess.java:332)
	at java.lang.Thread.run(Unknown Source)
12:13:38 ERROR : Zero sized response read from XMD. This indicates a communication error or a programming error.
13:31:17 INFO  : Launching XSDB server: xsdb.bat -s C:/Xilinx/SDK/2015.2/scripts/xsdb/xsdb/xsdb-server.tcl
13:31:29 INFO  : XSDB server has started successfully.
13:31:32 INFO  : Processing command line option -hwspec C:/snickerdoodle_base/snickerdoodle_base.sdk/base_block_design_wrapper.hdf.
13:31:36 INFO  : Checking for hwspec changes in the project base_block_design_wrapper_hw_platform_0.
13:32:29 INFO  : Restoring global repository preferences: 
		 C:\device-tree-xlnx
13:32:34 WARN  :  ps7_ethernet_0: No reset found
 ps7_usb_0: No reset found
13:32:34 INFO  : BSP Project P/device_tree_bsp_0 has been successfully migrated.
16:15:43 ERROR : Unexpected error while parsing XMD response ?: com.google.gson.JsonSyntaxException: com.google.gson.stream.MalformedJsonException: invalid number or unquoted string near 
16:26:50 INFO  : Launching XSDB server: xsdb.bat -s C:/Xilinx/SDK/2015.2/scripts/xsdb/xsdb/xsdb-server.tcl
16:26:55 INFO  : XSDB server has started successfully.
16:26:58 INFO  : Processing command line option -hwspec C:/snickerdoodle_base/snickerdoodle_base.sdk/base_block_design_wrapper.hdf.
16:27:03 INFO  : Checking for hwspec changes in the project base_block_design_wrapper_hw_platform_0.
16:27:55 INFO  : Restoring global repository preferences: 
		 C:\device-tree-xlnx
16:28:00 WARN  :  ps7_ethernet_0: No reset found
 ps7_usb_0: No reset found
16:28:00 INFO  : BSP Project P/device_tree_bsp_0 has been successfully migrated.
20:03:02 INFO  : FPGA Cable Disconnected. All active launches will be terminated.
10:56:58 INFO  : Launching XSDB server: xsdb.bat -s C:/Xilinx/SDK/2015.2/scripts/xsdb/xsdb/xsdb-server.tcl
10:57:03 INFO  : Processing command line option -hwspec C:/snickerdoodle_base/snickerdoodle_base.sdk/base_block_design_wrapper.hdf.
10:57:04 INFO  : XSDB server has started successfully.
10:57:09 INFO  : Checking for hwspec changes in the project base_block_design_wrapper_hw_platform_0.
10:57:31 INFO  : Restoring global repository preferences: 
		 C:\device-tree-xlnx
10:57:36 WARN  :  ps7_ethernet_0: No reset found
 ps7_usb_0: No reset found
10:57:36 INFO  : BSP Project P/device_tree_bsp_0 has been successfully migrated.
12:44:36 INFO  : Saving repository preferences.
15:38:07 INFO  : SDK has detected change in the last modified timestamps for source hardware specification file Source:1457847750162,  Project:1457746698662
15:38:07 INFO  : Project base_block_design_wrapper_hw_platform_0's source hardware specification located at C:/snickerdoodle_base/snickerdoodle_base.sdk/base_block_design_wrapper.hdf is now different from the local copy.
		 The local copy will be replaced with the source specification and your workspace will be updated.
15:42:39 INFO  : Copied contents of C:/snickerdoodle_base/snickerdoodle_base.sdk/base_block_design_wrapper.hdf into \base_block_design_wrapper_hw_platform_0\system.hdf.
15:42:52 INFO  : Synchronizing projects in the workspace with the hardware platform specification changes.
15:42:53 INFO  : Clearing existing target manager status.
15:42:53 INFO  : Workspace synchronized with the new hardware specification file. Cleaning dependent projects...
15:42:53 WARN  : Linker script will not be updated automatically. Users need to update it manually.
16:29:07 INFO  : Launching XSDB server: xsdb.bat -s C:/Xilinx/SDK/2015.2/scripts/xsdb/xsdb/xsdb-server.tcl
16:29:10 INFO  : XSDB server has started successfully.
16:29:12 INFO  : Processing command line option -hwspec C:/snickerdoodle_base/snickerdoodle_base.sdk/base_block_design_wrapper.hdf.
16:29:13 INFO  : Checking for hwspec changes in the project base_block_design_wrapper_hw_platform_0.
16:29:56 INFO  : Restoring global repository preferences: 
		 C:\device-tree-xlnx
21:48:42 ERROR : Unexpected error while parsing XMD response ?: com.google.gson.JsonSyntaxException: com.google.gson.stream.MalformedJsonException: invalid number or unquoted string near 
18:51:40 INFO  : Launching XSDB server: xsdb.bat -s C:/Xilinx/SDK/2015.2/scripts/xsdb/xsdb/xsdb-server.tcl
18:51:44 INFO  : XSDB server has started successfully.
18:52:01 INFO  : Restoring global repository preferences: 
		 C:\device-tree-xlnx
18:52:14 INFO  : Processing command line option -hwspec C:/snickerdoodle_base/snickerdoodle_base.sdk/base_block_design_wrapper.hdf.
18:52:16 INFO  : Checking for hwspec changes in the project base_block_design_wrapper_hw_platform_0.
18:52:16 INFO  : SDK has detected change in the last modified timestamps for source hardware specification file Source:1458092991166,  Project:1457847750162
18:52:16 INFO  : The hardware specification for project 'base_block_design_wrapper_hw_platform_0' is different from C:/snickerdoodle_base/snickerdoodle_base.sdk/base_block_design_wrapper.hdf.
18:52:17 INFO  : Copied contents of C:/snickerdoodle_base/snickerdoodle_base.sdk/base_block_design_wrapper.hdf into \base_block_design_wrapper_hw_platform_0\system.hdf.
18:52:27 INFO  : Synchronizing projects in the workspace with the hardware platform specification changes.
18:52:42 INFO  : 
18:52:43 INFO  : Updating hardware inferred compiler options for FSBL.
18:52:43 INFO  : Clearing existing target manager status.
18:52:43 INFO  : Closing and re-opening the MSS file of ther project FSBL_bsp
18:52:43 INFO  : Workspace synchronized with the new hardware specification file. Cleaning dependent projects...
18:52:44 WARN  : Linker script will not be updated automatically. Users need to update it manually.
19:12:11 INFO  : SDK has detected change in the last modified timestamps for source hardware specification file Source:1458094309588,  Project:1458092991166
19:12:11 INFO  : Project base_block_design_wrapper_hw_platform_0's source hardware specification located at C:/snickerdoodle_base/snickerdoodle_base.sdk/base_block_design_wrapper.hdf is now different from the local copy.
		 The local copy will be replaced with the source specification and your workspace will be updated.
19:12:26 INFO  : Copied contents of C:/snickerdoodle_base/snickerdoodle_base.sdk/base_block_design_wrapper.hdf into \base_block_design_wrapper_hw_platform_0\system.hdf.
19:12:36 INFO  : Synchronizing projects in the workspace with the hardware platform specification changes.
19:12:43 INFO  : 
19:12:48 INFO  : 
19:12:49 INFO  : Updating hardware inferred compiler options for FSBL.
19:12:50 INFO  : Updating hardware inferred compiler options for hello-world.
19:12:50 INFO  : Clearing existing target manager status.
19:12:50 INFO  : Closing and re-opening the MSS file of ther project FSBL_bsp
19:12:51 INFO  : Closing and re-opening the MSS file of ther project hello-world_bsp
19:12:51 INFO  : Workspace synchronized with the new hardware specification file. Cleaning dependent projects...
19:13:47 WARN  : Linker script will not be updated automatically. Users need to update it manually.
19:37:38 INFO  : ps7_init is completed.
19:37:38 INFO  : ps7_post_config is completed.
19:37:39 INFO  : Processor reset is completed for ps7_cortexa9_0
19:37:39 ERROR : Unexpected error while opening JTAG UART: 
java.lang.RuntimeException: Error while opening JTAG UART server: MDM Uart NOT Present in the System
Could not detect MDM peripheral on hardware. Please check:
    1. If FPGA is configured correctly
    2. MDM Core is instantiated in the design
    3. If the correct FPGA is referred, in case of multiple FPGAs
    4. If the correct MDM is referred, in case of a multiple MDM system
    

	at com.xilinx.sdk.targetmanager.internal.TM.startJTAGUARTServer(TM.java:935)
	at com.xilinx.sdk.debug.core.internal.comm.JTAGUARTStreamsProxy.<init>(JTAGUARTStreamsProxy.java:32)
	at com.xilinx.sdk.debug.core.internal.RemoteProcess.createStreamsProxy(RemoteProcess.java:164)
	at com.xilinx.sdk.debug.core.internal.RemoteProcess.<init>(RemoteProcess.java:65)
	at com.xilinx.sdk.debug.core.internal.AppRunner.run(AppRunner.java:91)
	at com.xilinx.sdk.debug.core.XilinxAppLaunchConfigurationDelegate.runApplication(XilinxAppLaunchConfigurationDelegate.java:609)
	at com.xilinx.sdk.debug.core.XilinxAppLaunchConfigurationDelegate.launch(XilinxAppLaunchConfigurationDelegate.java:296)
	at com.xilinx.sdk.debug.ui.XilinxAppLaunchDelegateWrapper.launch(XilinxAppLaunchDelegateWrapper.java:31)
	at org.eclipse.debug.internal.core.LaunchConfiguration.launch(LaunchConfiguration.java:858)
	at org.eclipse.debug.internal.core.LaunchConfiguration.launch(LaunchConfiguration.java:707)
	at org.eclipse.debug.internal.ui.DebugUIPlugin.buildAndLaunch(DebugUIPlugin.java:1018)
	at org.eclipse.debug.internal.ui.DebugUIPlugin$8.run(DebugUIPlugin.java:1222)
	at org.eclipse.core.internal.jobs.Worker.run(Worker.java:53)
19:38:47 INFO  : Connected to target on host '127.0.0.1' and port '3121'.
19:38:47 INFO  : 'targets -set -filter {jtag_cable_name =~ "Platform Cable USB II 00001865c5d501" && level==0} -index 1' command is executed.
19:38:53 INFO  : FPGA configured successfully with bitstream "C:/snickerdoodle_base/snickerdoodle_base.sdk/base_block_design_wrapper_hw_platform_0/base_block_design_wrapper.bit"
19:39:22 INFO  : Connected to target on host '127.0.0.1' and port '3121'.
19:39:22 INFO  : 'targets -set -filter {jtag_cable_name =~ "Platform Cable USB II 00001865c5d501" && level==0} -index 1' command is executed.
19:39:22 INFO  : 'fpga -state' command is executed.
19:39:22 INFO  : Connected to target on host '127.0.0.1' and port '3121'.
19:39:22 INFO  : 'targets -set -filter {name =~"APU" && jtag_cable_name =~ "Platform Cable USB II 00001865c5d501"} -index 0' command is executed.
19:39:26 INFO  : Mermory regions for PS have been updated.
19:39:26 INFO  : Sourcing of 'C:/snickerdoodle_base/snickerdoodle_base.sdk/base_block_design_wrapper_hw_platform_0/ps7_init.tcl' is done.
19:39:26 INFO  : 'targets -set -filter {name =~"APU" && jtag_cable_name =~ "Platform Cable USB II 00001865c5d501"} -index 0' command is executed.
19:39:29 INFO  : 'ps7_init' command is executed.
19:39:29 INFO  : 'ps7_post_config' command is executed.
19:39:30 INFO  : Context for processor 'ps7_cortexa9_0' is selected.
19:39:30 INFO  : Processor reset is completed for 'ps7_cortexa9_0'.
19:39:30 INFO  : Context for processor 'ps7_cortexa9_0' is selected.
19:39:31 INFO  : The application 'C:/snickerdoodle_base/snickerdoodle_base.sdk/hello-world/Debug/hello-world.elf' is downloaded to processor 'ps7_cortexa9_0'.
19:39:31 INFO  : ----------------XSDB Script----------------
connect -url tcp:127.0.0.1:3121
targets -set -filter {name =~"APU" && jtag_cable_name =~ "Platform Cable USB II 00001865c5d501"} -index 0
memmap -addr 4160782336 -size 4096 -flags 3
memmap -addr 4160786432 -size 4096 -flags 3
memmap -addr 4160790528 -size 4096 -flags 3
memmap -addr 4160794624 -size 4096 -flags 3
memmap -addr 4169138176 -size 1048576 -flags 3
memmap -addr 1048576 -size 535822336 -flags 3
memmap -addr 4160774144 -size 4096 -flags 3
memmap -addr 4160778240 -size 256 -flags 3
memmap -addr 4160765952 -size 4096 -flags 3
memmap -addr 4160761856 -size 4096 -flags 3
memmap -addr 3758141440 -size 4096 -flags 3
memmap -addr 4176478720 -size 256 -flags 3
memmap -addr 3758137344 -size 4096 -flags 3
memmap -addr 4170186752 -size 1048576 -flags 3
memmap -addr 4176482304 -size 4096 -flags 3
memmap -addr 3760193536 -size 4096 -flags 3
memmap -addr 4176486400 -size 4096 -flags 3
memmap -addr 4160798720 -size 4096 -flags 3
memmap -addr 4176486400 -size 4096 -flags 3
memmap -addr 4169732096 -size 4096 -flags 3
memmap -addr 3758149632 -size 4096 -flags 3
memmap -addr 4227858432 -size 16777216 -flags 3
memmap -addr 0 -size 196608 -flags 3
memmap -addr 4294901760 -size 65024 -flags 3
memmap -addr 4176478208 -size 253 -flags 3
memmap -addr 4176482304 -size 4096 -flags 3
memmap -addr 4176479744 -size 32 -flags 3
memmap -addr 4176479776 -size 224 -flags 3
memmap -addr 3759144960 -size 4096 -flags 3
memmap -addr 3759149056 -size 4096 -flags 3
memmap -addr 4160749568 -size 4096 -flags 3
memmap -addr 3758125056 -size 4096 -flags 3
memmap -addr 3758096384 -size 4096 -flags 3
memmap -addr 3758104576 -size 4096 -flags 3
memmap -addr 4160778496 -size 33 -flags 3
source C:/snickerdoodle_base/snickerdoodle_base.sdk/base_block_design_wrapper_hw_platform_0/ps7_init.tcl
targets -set -filter {name =~"APU" && jtag_cable_name =~ "Platform Cable USB II 00001865c5d501"} -index 0
ps7_init
ps7_post_config
targets -set -nocase -filter {name =~ "ARM*#0" && jtag_cable_name =~ "Platform Cable USB II 00001865c5d501"} -index 0
rst -processor
targets -set -nocase -filter {name =~ "ARM*#0" && jtag_cable_name =~ "Platform Cable USB II 00001865c5d501"} -index 0
dow C:/snickerdoodle_base/snickerdoodle_base.sdk/hello-world/Debug/hello-world.elf
----------------End of Script----------------

19:39:31 INFO  : Memory regions updated for context APU
19:39:31 INFO  : Context for processor 'ps7_cortexa9_0' is selected.
19:39:31 INFO  : 'con' command is executed.
19:39:31 INFO  : ----------------XSDB Script (After Launch)----------------
targets -set -nocase -filter {name =~ "ARM*#0" && jtag_cable_name =~ "Platform Cable USB II 00001865c5d501"} -index 0
con
----------------End of Script----------------

19:39:39 INFO  : Disconnected from the channel tcfchan#1.
19:39:39 INFO  : Connected to target on host '127.0.0.1' and port '3121'.
19:39:39 INFO  : 'targets -set -filter {jtag_cable_name =~ "Platform Cable USB II 00001865c5d501" && level==0} -index 1' command is executed.
19:39:40 INFO  : 'fpga -state' command is executed.
19:39:40 INFO  : Connected to target on host '127.0.0.1' and port '3121'.
19:39:40 INFO  : 'targets -set -filter {name =~"APU" && jtag_cable_name =~ "Platform Cable USB II 00001865c5d501"} -index 0' command is executed.
19:39:43 INFO  : Mermory regions for PS have been updated.
19:39:43 INFO  : Sourcing of 'C:/snickerdoodle_base/snickerdoodle_base.sdk/base_block_design_wrapper_hw_platform_0/ps7_init.tcl' is done.
19:39:44 INFO  : 'targets -set -filter {name =~"APU" && jtag_cable_name =~ "Platform Cable USB II 00001865c5d501"} -index 0' command is executed.
19:39:49 INFO  : 'ps7_init' command is executed.
19:39:49 INFO  : 'ps7_post_config' command is executed.
19:39:50 INFO  : Context for processor 'ps7_cortexa9_0' is selected.
19:39:50 INFO  : Processor reset is completed for 'ps7_cortexa9_0'.
19:39:50 INFO  : Context for processor 'ps7_cortexa9_0' is selected.
19:39:51 INFO  : The application 'C:/snickerdoodle_base/snickerdoodle_base.sdk/hello-world/Debug/hello-world.elf' is downloaded to processor 'ps7_cortexa9_0'.
19:39:51 INFO  : ----------------XSDB Script----------------
connect -url tcp:127.0.0.1:3121
targets -set -filter {name =~"APU" && jtag_cable_name =~ "Platform Cable USB II 00001865c5d501"} -index 0
memmap -addr 4160782336 -size 4096 -flags 3
memmap -addr 4160786432 -size 4096 -flags 3
memmap -addr 4160790528 -size 4096 -flags 3
memmap -addr 4160794624 -size 4096 -flags 3
memmap -addr 4169138176 -size 1048576 -flags 3
memmap -addr 1048576 -size 535822336 -flags 3
memmap -addr 4160774144 -size 4096 -flags 3
memmap -addr 4160778240 -size 256 -flags 3
memmap -addr 4160765952 -size 4096 -flags 3
memmap -addr 4160761856 -size 4096 -flags 3
memmap -addr 3758141440 -size 4096 -flags 3
memmap -addr 4176478720 -size 256 -flags 3
memmap -addr 3758137344 -size 4096 -flags 3
memmap -addr 4170186752 -size 1048576 -flags 3
memmap -addr 4176482304 -size 4096 -flags 3
memmap -addr 3760193536 -size 4096 -flags 3
memmap -addr 4176486400 -size 4096 -flags 3
memmap -addr 4160798720 -size 4096 -flags 3
memmap -addr 4176486400 -size 4096 -flags 3
memmap -addr 4169732096 -size 4096 -flags 3
memmap -addr 3758149632 -size 4096 -flags 3
memmap -addr 4227858432 -size 16777216 -flags 3
memmap -addr 0 -size 196608 -flags 3
memmap -addr 4294901760 -size 65024 -flags 3
memmap -addr 4176478208 -size 253 -flags 3
memmap -addr 4176482304 -size 4096 -flags 3
memmap -addr 4176479744 -size 32 -flags 3
memmap -addr 4176479776 -size 224 -flags 3
memmap -addr 3759144960 -size 4096 -flags 3
memmap -addr 3759149056 -size 4096 -flags 3
memmap -addr 4160749568 -size 4096 -flags 3
memmap -addr 3758125056 -size 4096 -flags 3
memmap -addr 3758096384 -size 4096 -flags 3
memmap -addr 3758104576 -size 4096 -flags 3
memmap -addr 4160778496 -size 33 -flags 3
source C:/snickerdoodle_base/snickerdoodle_base.sdk/base_block_design_wrapper_hw_platform_0/ps7_init.tcl
targets -set -filter {name =~"APU" && jtag_cable_name =~ "Platform Cable USB II 00001865c5d501"} -index 0
ps7_init
ps7_post_config
targets -set -nocase -filter {name =~ "ARM*#0" && jtag_cable_name =~ "Platform Cable USB II 00001865c5d501"} -index 0
rst -processor
targets -set -nocase -filter {name =~ "ARM*#0" && jtag_cable_name =~ "Platform Cable USB II 00001865c5d501"} -index 0
dow C:/snickerdoodle_base/snickerdoodle_base.sdk/hello-world/Debug/hello-world.elf
----------------End of Script----------------

19:39:51 INFO  : Memory regions updated for context APU
19:39:51 INFO  : Context for processor 'ps7_cortexa9_0' is selected.
19:39:51 INFO  : 'con' command is executed.
19:39:51 INFO  : ----------------XSDB Script (After Launch)----------------
targets -set -nocase -filter {name =~ "ARM*#0" && jtag_cable_name =~ "Platform Cable USB II 00001865c5d501"} -index 0
con
----------------End of Script----------------

19:40:16 INFO  : Disconnected from the channel tcfchan#2.
19:40:16 INFO  : Processor reset is completed for ps7_cortexa9_0
19:40:16 ERROR : Unexpected error while opening JTAG UART: 
java.lang.RuntimeException: Error while opening JTAG UART server: MDM Uart NOT Present in the System
Could not detect MDM peripheral on hardware. Please check:
    1. If FPGA is configured correctly
    2. MDM Core is instantiated in the design
    3. If the correct FPGA is referred, in case of multiple FPGAs
    4. If the correct MDM is referred, in case of a multiple MDM system
    

	at com.xilinx.sdk.targetmanager.internal.TM.startJTAGUARTServer(TM.java:935)
	at com.xilinx.sdk.debug.core.internal.comm.JTAGUARTStreamsProxy.<init>(JTAGUARTStreamsProxy.java:32)
	at com.xilinx.sdk.debug.core.internal.RemoteProcess.createStreamsProxy(RemoteProcess.java:164)
	at com.xilinx.sdk.debug.core.internal.RemoteProcess.<init>(RemoteProcess.java:65)
	at com.xilinx.sdk.debug.core.internal.AppRunner.run(AppRunner.java:91)
	at com.xilinx.sdk.debug.core.XilinxAppLaunchConfigurationDelegate.runApplication(XilinxAppLaunchConfigurationDelegate.java:609)
	at com.xilinx.sdk.debug.core.XilinxAppLaunchConfigurationDelegate.launch(XilinxAppLaunchConfigurationDelegate.java:296)
	at com.xilinx.sdk.debug.ui.XilinxAppLaunchDelegateWrapper.launch(XilinxAppLaunchDelegateWrapper.java:31)
	at org.eclipse.debug.internal.core.LaunchConfiguration.launch(LaunchConfiguration.java:858)
	at org.eclipse.debug.internal.core.LaunchConfiguration.launch(LaunchConfiguration.java:707)
	at org.eclipse.debug.internal.ui.DebugUIPlugin.buildAndLaunch(DebugUIPlugin.java:1018)
	at org.eclipse.debug.internal.ui.DebugUIPlugin$8.run(DebugUIPlugin.java:1222)
	at org.eclipse.core.internal.jobs.Worker.run(Worker.java:53)
19:41:21 INFO  : ps7_cortexa9_0 Processor is in use. Please stop existing Run or Debug sessions before launching.
19:41:23 INFO  : Processor reset is completed for ps7_cortexa9_0
19:41:25 ERROR : Port COM6 is already in use.
19:42:01 INFO  : Processor reset is completed for ps7_cortexa9_0
19:44:05 INFO  : ps7_cortexa9_0 Processor is in use. Please stop existing Run or Debug sessions before launching.
19:44:06 INFO  : Processor reset is completed for ps7_cortexa9_0
19:44:09 ERROR : Port COM6 is already in use.
19:44:31 INFO  : ps7_cortexa9_0 Processor is in use. Please stop existing Run or Debug sessions before launching.
19:44:36 INFO  : ps7_init is completed.
19:44:36 INFO  : ps7_post_config is completed.
19:44:36 WARN  : Error clearing Zynq reset status. Cannot write to target


    AP transaction error (DP CTRL_STAT=0xf0000021)
    Error Address = 0xf8000008, Size = 0x00000004


19:44:36 ERROR : Unexpected error while launching program.
java.lang.RuntimeException: Error in Resetting Target

    Could not stop the processor after reset


	at com.xilinx.sdk.targetmanager.internal.TM.doProcessorReset(TM.java:995)
	at com.xilinx.sdk.debug.core.XilinxAppLaunchConfigurationDelegate.runTargetSetup(XilinxAppLaunchConfigurationDelegate.java:506)
	at com.xilinx.sdk.debug.core.XilinxAppLaunchConfigurationDelegate.runApplication(XilinxAppLaunchConfigurationDelegate.java:588)
	at com.xilinx.sdk.debug.core.XilinxAppLaunchConfigurationDelegate.launch(XilinxAppLaunchConfigurationDelegate.java:296)
	at com.xilinx.sdk.debug.ui.XilinxAppLaunchDelegateWrapper.launch(XilinxAppLaunchDelegateWrapper.java:31)
	at org.eclipse.debug.internal.core.LaunchConfiguration.launch(LaunchConfiguration.java:858)
	at org.eclipse.debug.internal.core.LaunchConfiguration.launch(LaunchConfiguration.java:707)
	at org.eclipse.debug.internal.ui.DebugUIPlugin.buildAndLaunch(DebugUIPlugin.java:1018)
	at org.eclipse.debug.internal.ui.DebugUIPlugin$8.run(DebugUIPlugin.java:1222)
	at org.eclipse.core.internal.jobs.Worker.run(Worker.java:53)
19:45:08 INFO  : Processor reset is completed for ps7_cortexa9_0
19:45:12 ERROR : Unexpected error while launching program.
java.lang.RuntimeException: Failed to download ELF file


    Cannot access FPGA address space: Bitstream is not programmed

	at com.xilinx.sdk.targetmanager.internal.TM.downloadELF(TM.java:670)
	at com.xilinx.sdk.debug.core.internal.AppRunner.run(AppRunner.java:129)
	at com.xilinx.sdk.debug.core.XilinxAppLaunchConfigurationDelegate.runApplication(XilinxAppLaunchConfigurationDelegate.java:609)
	at com.xilinx.sdk.debug.core.XilinxAppLaunchConfigurationDelegate.launch(XilinxAppLaunchConfigurationDelegate.java:296)
	at com.xilinx.sdk.debug.ui.XilinxAppLaunchDelegateWrapper.launch(XilinxAppLaunchDelegateWrapper.java:31)
	at org.eclipse.debug.internal.core.LaunchConfiguration.launch(LaunchConfiguration.java:858)
	at org.eclipse.debug.internal.core.LaunchConfiguration.launch(LaunchConfiguration.java:707)
	at org.eclipse.debug.internal.ui.DebugUIPlugin.buildAndLaunch(DebugUIPlugin.java:1018)
	at org.eclipse.debug.internal.ui.DebugUIPlugin$8.run(DebugUIPlugin.java:1222)
	at org.eclipse.core.internal.jobs.Worker.run(Worker.java:53)
19:48:50 ERROR : Unexpected error while parsing XMD response ?: com.google.gson.JsonSyntaxException: com.google.gson.stream.MalformedJsonException: invalid number or unquoted string near 
08:54:07 INFO  : Launching XSDB server: xsdb.bat -s C:/Xilinx/SDK/2015.2/scripts/xsdb/xsdb/xsdb-server.tcl
08:54:12 INFO  : XSDB server has started successfully.
08:54:19 INFO  : Processing command line option -hwspec C:/snickerdoodle_base/snickerdoodle_base.sdk/base_block_design_wrapper.hdf.
08:54:22 INFO  : Checking for hwspec changes in the project base_block_design_wrapper_hw_platform_0.
08:54:26 INFO  : SDK has detected change in the last modified timestamps for source hardware specification file Source:1458143566918,  Project:1458094309588
08:54:26 INFO  : The hardware specification for project 'base_block_design_wrapper_hw_platform_0' is different from C:/snickerdoodle_base/snickerdoodle_base.sdk/base_block_design_wrapper.hdf.
08:54:27 INFO  : Copied contents of C:/snickerdoodle_base/snickerdoodle_base.sdk/base_block_design_wrapper.hdf into \base_block_design_wrapper_hw_platform_0\system.hdf.
08:54:34 INFO  : Synchronizing projects in the workspace with the hardware platform specification changes.
08:55:20 INFO  : Restoring global repository preferences: 
		 C:\device-tree-xlnx
08:55:24 INFO  : 
08:55:28 INFO  : 
08:55:29 INFO  : Updating hardware inferred compiler options for FSBL.
08:55:30 INFO  : Updating hardware inferred compiler options for hello-world.
08:55:30 INFO  : Clearing existing target manager status.
11:21:37 INFO  : SDK has detected change in the last modified timestamps for source hardware specification file Source:1458152454312,  Project:1458143566918
11:21:37 INFO  : Project base_block_design_wrapper_hw_platform_0's source hardware specification located at C:/snickerdoodle_base/snickerdoodle_base.sdk/base_block_design_wrapper.hdf is now different from the local copy.
		 The local copy will be replaced with the source specification and your workspace will be updated.
11:35:45 INFO  : Copied contents of C:/snickerdoodle_base/snickerdoodle_base.sdk/base_block_design_wrapper.hdf into \base_block_design_wrapper_hw_platform_0\system.hdf.
11:35:54 INFO  : Synchronizing projects in the workspace with the hardware platform specification changes.
11:36:03 INFO  : 
11:36:07 INFO  : 
11:36:08 INFO  : Updating hardware inferred compiler options for FSBL.
11:36:08 INFO  : Updating hardware inferred compiler options for hello-world.
11:36:08 INFO  : Clearing existing target manager status.
11:36:57 ERROR : Unexpected error while parsing XMD response ?: com.google.gson.JsonSyntaxException: com.google.gson.stream.MalformedJsonException: invalid number or unquoted string near 
11:37:34 INFO  : Launching XSDB server: xsdb.bat -s C:/Xilinx/SDK/2015.2/scripts/xsdb/xsdb/xsdb-server.tcl
11:37:37 INFO  : Launching XSDB server: xsdb.bat -s C:/Xilinx/SDK/2015.2/scripts/xsdb/xsdb/xsdb-server.tcl
11:37:39 INFO  : XSDB server has started successfully.
11:37:40 INFO  : XSDB server has started successfully.
11:37:42 INFO  : Processing command line option -hwspec C:/snickerdoodle_base/snickerdoodle_base.sdk/base_block_design_wrapper.hdf.
11:37:43 INFO  : Checking for hwspec changes in the project base_block_design_wrapper_hw_platform_0.
11:37:47 INFO  : Restoring global repository preferences: 
		 C:\device-tree-xlnx
14:22:29 INFO  : Launching XSDB server: xsdb.bat C:/Xilinx/SDK/2015.4/scripts/xsdb/xsdb/xsdb-server.tcl
14:22:32 INFO  : XSDB server has started successfully.
14:22:38 INFO  : Processing command line option -hwspec C:/snickerdoodle_base/snickerdoodle_base.sdk/base_block_design_wrapper.hdf.
14:22:38 INFO  : Checking for hwspec changes in the project base_block_design_wrapper_hw_platform_0.
14:22:43 INFO  : SDK has detected change in the last modified timestamps for source hardware specification file Source:1458163213690,  Project:1458152454312
14:22:43 INFO  : The hardware specification for project 'base_block_design_wrapper_hw_platform_0' is different from C:/snickerdoodle_base/snickerdoodle_base.sdk/base_block_design_wrapper.hdf.
14:22:43 INFO  : Copied contents of C:/snickerdoodle_base/snickerdoodle_base.sdk/base_block_design_wrapper.hdf into \base_block_design_wrapper_hw_platform_0\system.hdf.
14:22:54 INFO  : Synchronizing projects in the workspace with the hardware platform specification changes.
14:23:13 INFO  : 
14:23:16 INFO  : 
14:23:17 INFO  : Updating hardware inferred compiler options for FSBL.
14:23:18 INFO  : Updating hardware inferred compiler options for hello-world.
14:23:18 INFO  : Clearing existing target manager status.
14:23:21 INFO  : Workspace synchronized with the new hardware specification file. Cleaning dependent projects...
14:23:23 WARN  : Linker script will not be updated automatically. Users need to update it manually.
16:22:10 ERROR : Unexpected error while parsing XMD response ?: com.google.gson.JsonSyntaxException: com.google.gson.stream.MalformedJsonException: invalid number or unquoted string near 
16:46:37 INFO  : Launching XSDB server: xsdb.bat C:/Xilinx/SDK/2015.4/scripts/xsdb/xsdb/xsdb-server.tcl
16:46:40 INFO  : XSDB server has started successfully.
16:47:00 INFO  : Processing command line option -hwspec C:/snickerdoodle_base/snickerdoodle_base.sdk/base_block_design_wrapper.hdf.
16:47:02 INFO  : Checking for hwspec changes in the project base_block_design_wrapper_hw_platform_0.
16:47:02 INFO  : SDK has detected change in the last modified timestamps for source hardware specification file Source:1458170434748,  Project:1458163213690
16:47:02 INFO  : The hardware specification for project 'base_block_design_wrapper_hw_platform_0' is different from C:/snickerdoodle_base/snickerdoodle_base.sdk/base_block_design_wrapper.hdf.
16:47:02 INFO  : Copied contents of C:/snickerdoodle_base/snickerdoodle_base.sdk/base_block_design_wrapper.hdf into \base_block_design_wrapper_hw_platform_0\system.hdf.
16:47:12 INFO  : Synchronizing projects in the workspace with the hardware platform specification changes.
16:47:33 INFO  : 
16:47:36 INFO  : 
16:47:37 INFO  : Updating hardware inferred compiler options for FSBL.
16:47:38 INFO  : Updating hardware inferred compiler options for hello-world.
16:47:38 INFO  : Clearing existing target manager status.
16:47:42 INFO  : Closing and re-opening the MSS file of ther project FSBL_bsp
16:47:48 INFO  : Workspace synchronized with the new hardware specification file. Cleaning dependent projects...
16:47:50 WARN  : Linker script will not be updated automatically. Users need to update it manually.
17:57:00 ERROR : Unexpected error while parsing XMD response ?: com.google.gson.JsonSyntaxException: com.google.gson.stream.MalformedJsonException: invalid number or unquoted string near 
18:08:07 INFO  : Launching XSDB server: xsdb.bat C:/Xilinx/SDK/2015.4/scripts/xsdb/xsdb/xsdb-server.tcl
18:08:10 INFO  : XSDB server has started successfully.
18:08:16 INFO  : Processing command line option -hwspec C:/snickerdoodle_base/snickerdoodle_base.sdk/base_block_design_wrapper.hdf.
18:08:16 INFO  : Checking for hwspec changes in the project base_block_design_wrapper_hw_platform_0.
18:08:22 INFO  : SDK has detected change in the last modified timestamps for source hardware specification file Source:1458176570801,  Project:1458170434748
18:08:22 INFO  : The hardware specification for project 'base_block_design_wrapper_hw_platform_0' is different from C:/snickerdoodle_base/snickerdoodle_base.sdk/base_block_design_wrapper.hdf.
18:08:22 INFO  : Copied contents of C:/snickerdoodle_base/snickerdoodle_base.sdk/base_block_design_wrapper.hdf into \base_block_design_wrapper_hw_platform_0\system.hdf.
18:08:32 INFO  : Synchronizing projects in the workspace with the hardware platform specification changes.
18:08:47 INFO  : 
18:08:50 INFO  : 
18:08:51 INFO  : Updating hardware inferred compiler options for FSBL.
18:08:51 INFO  : Updating hardware inferred compiler options for hello-world.
18:08:51 INFO  : Clearing existing target manager status.
16:49:47 ERROR : Failed to call GENERATE_APP 
java.io.IOException: Command [C 226 xsdb eval "::hsi::utils::generate_app_template -hw C:/snickerdood...] aborted
	at org.eclipse.tcf.core.AbstractChannel$9.run(AbstractChannel.java:753)
	at org.eclipse.tcf.EventQueue.run(EventQueue.java:95)
	at java.lang.Thread.run(Thread.java:745)
Caused by: java.net.SocketException: Connection reset
	at java.net.SocketInputStream.read(SocketInputStream.java:209)
	at java.net.SocketInputStream.read(SocketInputStream.java:141)
	at java.io.BufferedInputStream.read1(BufferedInputStream.java:284)
	at java.io.BufferedInputStream.read(BufferedInputStream.java:345)
	at java.io.FilterInputStream.read(FilterInputStream.java:107)
	at org.eclipse.tcf.core.ChannelTCP.get(ChannelTCP.java:162)
	at org.eclipse.tcf.core.StreamChannel.read(StreamChannel.java:84)
	at org.eclipse.tcf.core.AbstractChannel$1.run(AbstractChannel.java:254)
16:49:48 ERROR : 
java.lang.RuntimeException: Failed to call GENERATE_APP 
	at com.xilinx.sdk.xsdb.XsdbCommandUtils.handleResult(XsdbCommandUtils.java:306)
	at com.xilinx.sdk.xsdb.XsdbCommandUtils.executeAndRespond(XsdbCommandUtils.java:256)
	at com.xilinx.sdk.appwiz.internal.AppGen.generate(AppGen.java:555)
	at com.xilinx.sdk.appwiz.core.StandaloneProjectHandler.createCoreApp(StandaloneProjectHandler.java:85)
	at com.xilinx.sdk.appwiz.core.AppCreationHandler.createApplication(AppCreationHandler.java:123)
	at com.xilinx.sdk.appwiz.core.AppCreationHandler$1.run(AppCreationHandler.java:62)
	at org.eclipse.core.internal.resources.Workspace.run(Workspace.java:2345)
	at org.eclipse.core.internal.resources.Workspace.run(Workspace.java:2327)
	at com.xilinx.sdk.appwiz.core.AppCreationHandler.execute(AppCreationHandler.java:58)
	at com.xilinx.sdk.appwiz.ApplicationWizard.createNewProject(ApplicationWizard.java:120)
	at org.eclipse.cdt.ui.wizards.NewCProjectWizard.doRun(NewCProjectWizard.java:293)
	at org.eclipse.cdt.ui.wizards.NewCProjectWizard$1$1$1.run(NewCProjectWizard.java:235)
	at org.eclipse.ui.actions.WorkspaceModifyDelegatingOperation.execute(WorkspaceModifyDelegatingOperation.java:69)
	at org.eclipse.ui.actions.WorkspaceModifyOperation$1.run(WorkspaceModifyOperation.java:106)
	at org.eclipse.core.internal.resources.Workspace.run(Workspace.java:2345)
	at org.eclipse.ui.actions.WorkspaceModifyOperation.run(WorkspaceModifyOperation.java:118)
	at org.eclipse.jface.operation.ModalContext.runInCurrentThread(ModalContext.java:464)
	at org.eclipse.jface.operation.ModalContext.run(ModalContext.java:372)
	at org.eclipse.jface.wizard.WizardDialog.run(WizardDialog.java:1028)
	at org.eclipse.cdt.ui.wizards.NewCProjectWizard$1$1.run(NewCProjectWizard.java:245)
	at org.eclipse.ui.internal.UILockListener.doPendingWork(UILockListener.java:164)
	at org.eclipse.ui.internal.UISynchronizer$3.run(UISynchronizer.java:158)
	at org.eclipse.swt.widgets.RunnableLock.run(RunnableLock.java:35)
	at org.eclipse.swt.widgets.Synchronizer.runAsyncMessages(Synchronizer.java:135)
	at org.eclipse.swt.widgets.Display.runAsyncMessages(Display.java:4145)
	at org.eclipse.swt.widgets.Display.readAndDispatch(Display.java:3762)
	at org.eclipse.jface.operation.ModalContext$ModalContextThread.block(ModalContext.java:173)
	at org.eclipse.jface.operation.ModalContext.run(ModalContext.java:388)
	at org.eclipse.jface.wizard.WizardDialog.run(WizardDialog.java:1028)
	at org.eclipse.cdt.ui.wizards.NewCProjectWizard.invokeRunnable(NewCProjectWizard.java:272)
	at org.eclipse.cdt.ui.wizards.NewCProjectWizard.performFinish(NewCProjectWizard.java:162)
	at org.eclipse.jface.wizard.WizardDialog.finishPressed(WizardDialog.java:827)
	at org.eclipse.jface.wizard.WizardDialog.buttonPressed(WizardDialog.java:432)
	at org.eclipse.jface.dialogs.Dialog$2.widgetSelected(Dialog.java:628)
	at org.eclipse.swt.widgets.TypedListener.handleEvent(TypedListener.java:248)
	at org.eclipse.swt.widgets.EventTable.sendEvent(EventTable.java:84)
	at org.eclipse.swt.widgets.Widget.sendEvent(Widget.java:1057)
	at org.eclipse.swt.widgets.Display.runDeferredEvents(Display.java:4170)
	at org.eclipse.swt.widgets.Display.readAndDispatch(Display.java:3759)
	at org.eclipse.jface.window.Window.runEventLoop(Window.java:826)
	at org.eclipse.jface.window.Window.open(Window.java:802)
	at org.eclipse.ui.actions.NewProjectAction.run(NewProjectAction.java:117)
	at org.eclipse.jface.action.Action.runWithEvent(Action.java:499)
	at org.eclipse.jface.action.ActionContributionItem.handleWidgetSelection(ActionContributionItem.java:584)
	at org.eclipse.jface.action.ActionContributionItem.access$2(ActionContributionItem.java:501)
	at org.eclipse.jface.action.ActionContributionItem$5.handleEvent(ActionContributionItem.java:411)
	at org.eclipse.swt.widgets.EventTable.sendEvent(EventTable.java:84)
	at org.eclipse.swt.widgets.Widget.sendEvent(Widget.java:1057)
	at org.eclipse.swt.widgets.Display.runDeferredEvents(Display.java:4170)
	at org.eclipse.swt.widgets.Display.readAndDispatch(Display.java:3759)
	at org.eclipse.e4.ui.internal.workbench.swt.PartRenderingEngine$9.run(PartRenderingEngine.java:1113)
	at org.eclipse.core.databinding.observable.Realm.runWithDefault(Realm.java:332)
	at org.eclipse.e4.ui.internal.workbench.swt.PartRenderingEngine.run(PartRenderingEngine.java:997)
	at org.eclipse.e4.ui.internal.workbench.E4Workbench.createAndRunUI(E4Workbench.java:140)
	at org.eclipse.ui.internal.Workbench$5.run(Workbench.java:611)
	at org.eclipse.core.databinding.observable.Realm.runWithDefault(Realm.java:332)
	at org.eclipse.ui.internal.Workbench.createAndRunWorkbench(Workbench.java:567)
	at org.eclipse.ui.PlatformUI.createAndRunWorkbench(PlatformUI.java:150)
	at org.eclipse.ui.internal.ide.application.IDEApplication.start(IDEApplication.java:124)
	at org.eclipse.equinox.internal.app.EclipseAppHandle.run(EclipseAppHandle.java:196)
	at org.eclipse.core.runtime.internal.adaptor.EclipseAppLauncher.runApplication(EclipseAppLauncher.java:110)
	at org.eclipse.core.runtime.internal.adaptor.EclipseAppLauncher.start(EclipseAppLauncher.java:79)
	at org.eclipse.core.runtime.adaptor.EclipseStarter.run(EclipseStarter.java:354)
	at org.eclipse.core.runtime.adaptor.EclipseStarter.run(EclipseStarter.java:181)
	at sun.reflect.NativeMethodAccessorImpl.invoke0(Native Method)
	at sun.reflect.NativeMethodAccessorImpl.invoke(NativeMethodAccessorImpl.java:62)
	at sun.reflect.DelegatingMethodAccessorImpl.invoke(DelegatingMethodAccessorImpl.java:43)
	at java.lang.reflect.Method.invoke(Method.java:497)
	at org.eclipse.equinox.launcher.Main.invokeFramework(Main.java:636)
	at org.eclipse.equinox.launcher.Main.basicRun(Main.java:591)
	at org.eclipse.equinox.launcher.Main.run(Main.java:1450)
Caused by: java.io.IOException: Command [C 226 xsdb eval "::hsi::utils::generate_app_template -hw C:/snickerdood...] aborted
	at org.eclipse.tcf.core.AbstractChannel$9.run(AbstractChannel.java:753)
	at org.eclipse.tcf.EventQueue.run(EventQueue.java:95)
	at java.lang.Thread.run(Thread.java:745)
Caused by: java.net.SocketException: Connection reset
	at java.net.SocketInputStream.read(SocketInputStream.java:209)
	at java.net.SocketInputStream.read(SocketInputStream.java:141)
	at java.io.BufferedInputStream.read1(BufferedInputStream.java:284)
	at java.io.BufferedInputStream.read(BufferedInputStream.java:345)
	at java.io.FilterInputStream.read(FilterInputStream.java:107)
	at org.eclipse.tcf.core.ChannelTCP.get(ChannelTCP.java:162)
	at org.eclipse.tcf.core.StreamChannel.read(StreamChannel.java:84)
	at org.eclipse.tcf.core.AbstractChannel$1.run(AbstractChannel.java:254)
16:49:50 INFO  : Launching XSDB server: xsdb.bat C:/Xilinx/SDK/2015.4/scripts/xsdb/xsdb/xsdb-server.tcl
16:52:51 ERROR : Timed out. 180 seconds have elapsed while waiting for XSDB server to launch.
16:52:52 ERROR : Failed to call get_files
java.lang.Exception: java.lang.Error: Channel is closed
	at org.eclipse.tcf.core.Command.<init>(Command.java:83)
	at com.xilinx.sdk.xsdb.XSDBCommandManager$8.<init>(XSDBCommandManager.java:384)
	at com.xilinx.sdk.xsdb.XSDBCommandManager.issueTcfCmd(XSDBCommandManager.java:384)
	at com.xilinx.sdk.xsdb.XSDBCommandManager.access$4(XSDBCommandManager.java:381)
	at com.xilinx.sdk.xsdb.XSDBCommandManager$7.run(XSDBCommandManager.java:376)
	at org.eclipse.tcf.EventQueue.run(EventQueue.java:95)
	at java.lang.Thread.run(Thread.java:745)
Caused by: java.lang.Error: Channel is closed
	at org.eclipse.tcf.core.AbstractChannel.sendCommand(AbstractChannel.java:875)
	at org.eclipse.tcf.core.Command.<init>(Command.java:79)
	... 6 more
16:52:54 INFO  : Launching XSDB server: xsdb.bat C:/Xilinx/SDK/2015.4/scripts/xsdb/xsdb/xsdb-server.tcl
16:55:33 INFO  : Launching XSDB server: xsdb.bat C:/Xilinx/SDK/2015.4/scripts/xsdb/xsdb/xsdb-server.tcl
16:55:36 INFO  : XSDB server has started successfully.
16:55:54 INFO  : Processing command line option -hwspec C:/snickerdoodle_base/snickerdoodle_base.sdk/base_block_design_wrapper.hdf.
16:55:54 INFO  : Checking for hwspec changes in the project base_block_design_wrapper_hw_platform_0.
17:11:35 INFO  : Launching XSDB server: xsdb.bat C:/Xilinx/SDK/2015.4/scripts/xsdb/xsdb/xsdb-server.tcl
17:11:38 INFO  : XSDB server has started successfully.
19:27:12 INFO  : Launching XSDB server: xsdb.bat C:/Xilinx/SDK/2015.4/scripts/xsdb/xsdb/xsdb-server.tcl
19:27:15 INFO  : XSDB server has started successfully.
19:27:21 INFO  : Processing command line option -hwspec C:/snickerdoodle_base/snickerdoodle_base.sdk/base_block_design_wrapper.hdf.
19:27:21 INFO  : Checking for hwspec changes in the project base_block_design_wrapper_hw_platform_0.
19:27:25 INFO  : SDK has detected change in the last modified timestamps for source hardware specification file Source:1458267935074,  Project:1458176570801
19:27:25 INFO  : The hardware specification for project 'base_block_design_wrapper_hw_platform_0' is different from C:/snickerdoodle_base/snickerdoodle_base.sdk/base_block_design_wrapper.hdf.
19:27:25 INFO  : Copied contents of C:/snickerdoodle_base/snickerdoodle_base.sdk/base_block_design_wrapper.hdf into \base_block_design_wrapper_hw_platform_0\system.hdf.
19:27:35 INFO  : Synchronizing projects in the workspace with the hardware platform specification changes.
19:27:43 INFO  : 
19:27:44 INFO  : Updating hardware inferred compiler options for fsbl.
19:27:44 INFO  : Clearing existing target manager status.
19:30:42 ERROR : Failed to call GENERATE_APP 
java.io.IOException: Command [C 44 xsdb eval "::hsi::utils::generate_app_template -hw C:/snickerdoodl...] aborted
	at org.eclipse.tcf.core.AbstractChannel$9.run(AbstractChannel.java:753)
	at org.eclipse.tcf.EventQueue.run(EventQueue.java:95)
	at java.lang.Thread.run(Thread.java:745)
Caused by: java.net.SocketException: Connection reset
	at java.net.SocketInputStream.read(SocketInputStream.java:209)
	at java.net.SocketInputStream.read(SocketInputStream.java:141)
	at java.io.BufferedInputStream.read1(BufferedInputStream.java:284)
	at java.io.BufferedInputStream.read(BufferedInputStream.java:345)
	at java.io.FilterInputStream.read(FilterInputStream.java:107)
	at org.eclipse.tcf.core.ChannelTCP.get(ChannelTCP.java:162)
	at org.eclipse.tcf.core.StreamChannel.read(StreamChannel.java:84)
	at org.eclipse.tcf.core.AbstractChannel$1.run(AbstractChannel.java:254)
19:30:42 ERROR : 
java.lang.RuntimeException: Failed to call GENERATE_APP 
	at com.xilinx.sdk.xsdb.XsdbCommandUtils.handleResult(XsdbCommandUtils.java:306)
	at com.xilinx.sdk.xsdb.XsdbCommandUtils.executeAndRespond(XsdbCommandUtils.java:256)
	at com.xilinx.sdk.appwiz.internal.AppGen.generate(AppGen.java:555)
	at com.xilinx.sdk.appwiz.core.StandaloneProjectHandler.createCoreApp(StandaloneProjectHandler.java:85)
	at com.xilinx.sdk.appwiz.core.AppCreationHandler.createApplication(AppCreationHandler.java:123)
	at com.xilinx.sdk.appwiz.core.AppCreationHandler$1.run(AppCreationHandler.java:62)
	at org.eclipse.core.internal.resources.Workspace.run(Workspace.java:2345)
	at org.eclipse.core.internal.resources.Workspace.run(Workspace.java:2327)
	at com.xilinx.sdk.appwiz.core.AppCreationHandler.execute(AppCreationHandler.java:58)
	at com.xilinx.sdk.appwiz.ApplicationWizard.createNewProject(ApplicationWizard.java:120)
	at org.eclipse.cdt.ui.wizards.NewCProjectWizard.doRun(NewCProjectWizard.java:293)
	at org.eclipse.cdt.ui.wizards.NewCProjectWizard$1$1$1.run(NewCProjectWizard.java:235)
	at org.eclipse.ui.actions.WorkspaceModifyDelegatingOperation.execute(WorkspaceModifyDelegatingOperation.java:69)
	at org.eclipse.ui.actions.WorkspaceModifyOperation$1.run(WorkspaceModifyOperation.java:106)
	at org.eclipse.core.internal.resources.Workspace.run(Workspace.java:2345)
	at org.eclipse.ui.actions.WorkspaceModifyOperation.run(WorkspaceModifyOperation.java:118)
	at org.eclipse.jface.operation.ModalContext.runInCurrentThread(ModalContext.java:464)
	at org.eclipse.jface.operation.ModalContext.run(ModalContext.java:372)
	at org.eclipse.jface.wizard.WizardDialog.run(WizardDialog.java:1028)
	at org.eclipse.cdt.ui.wizards.NewCProjectWizard$1$1.run(NewCProjectWizard.java:245)
	at org.eclipse.ui.internal.UILockListener.doPendingWork(UILockListener.java:164)
	at org.eclipse.ui.internal.UISynchronizer$3.run(UISynchronizer.java:158)
	at org.eclipse.swt.widgets.RunnableLock.run(RunnableLock.java:35)
	at org.eclipse.swt.widgets.Synchronizer.runAsyncMessages(Synchronizer.java:135)
	at org.eclipse.swt.widgets.Display.runAsyncMessages(Display.java:4145)
	at org.eclipse.swt.widgets.Display.readAndDispatch(Display.java:3762)
	at org.eclipse.jface.operation.ModalContext$ModalContextThread.block(ModalContext.java:173)
	at org.eclipse.jface.operation.ModalContext.run(ModalContext.java:388)
	at org.eclipse.jface.wizard.WizardDialog.run(WizardDialog.java:1028)
	at org.eclipse.cdt.ui.wizards.NewCProjectWizard.invokeRunnable(NewCProjectWizard.java:272)
	at org.eclipse.cdt.ui.wizards.NewCProjectWizard.performFinish(NewCProjectWizard.java:162)
	at org.eclipse.jface.wizard.WizardDialog.finishPressed(WizardDialog.java:827)
	at org.eclipse.jface.wizard.WizardDialog.buttonPressed(WizardDialog.java:432)
	at org.eclipse.jface.dialogs.Dialog$2.widgetSelected(Dialog.java:628)
	at org.eclipse.swt.widgets.TypedListener.handleEvent(TypedListener.java:248)
	at org.eclipse.swt.widgets.EventTable.sendEvent(EventTable.java:84)
	at org.eclipse.swt.widgets.Widget.sendEvent(Widget.java:1057)
	at org.eclipse.swt.widgets.Display.runDeferredEvents(Display.java:4170)
	at org.eclipse.swt.widgets.Display.readAndDispatch(Display.java:3759)
	at org.eclipse.jface.window.Window.runEventLoop(Window.java:826)
	at org.eclipse.jface.window.Window.open(Window.java:802)
	at org.eclipse.ui.internal.actions.NewWizardShortcutAction.run(NewWizardShortcutAction.java:135)
	at org.eclipse.jface.action.Action.runWithEvent(Action.java:499)
	at org.eclipse.jface.action.ActionContributionItem.handleWidgetSelection(ActionContributionItem.java:584)
	at org.eclipse.jface.action.ActionContributionItem.access$2(ActionContributionItem.java:501)
	at org.eclipse.jface.action.ActionContributionItem$5.handleEvent(ActionContributionItem.java:411)
	at org.eclipse.swt.widgets.EventTable.sendEvent(EventTable.java:84)
	at org.eclipse.swt.widgets.Widget.sendEvent(Widget.java:1057)
	at org.eclipse.swt.widgets.Display.runDeferredEvents(Display.java:4170)
	at org.eclipse.swt.widgets.Display.readAndDispatch(Display.java:3759)
	at org.eclipse.e4.ui.internal.workbench.swt.PartRenderingEngine$9.run(PartRenderingEngine.java:1113)
	at org.eclipse.core.databinding.observable.Realm.runWithDefault(Realm.java:332)
	at org.eclipse.e4.ui.internal.workbench.swt.PartRenderingEngine.run(PartRenderingEngine.java:997)
	at org.eclipse.e4.ui.internal.workbench.E4Workbench.createAndRunUI(E4Workbench.java:140)
	at org.eclipse.ui.internal.Workbench$5.run(Workbench.java:611)
	at org.eclipse.core.databinding.observable.Realm.runWithDefault(Realm.java:332)
	at org.eclipse.ui.internal.Workbench.createAndRunWorkbench(Workbench.java:567)
	at org.eclipse.ui.PlatformUI.createAndRunWorkbench(PlatformUI.java:150)
	at org.eclipse.ui.internal.ide.application.IDEApplication.start(IDEApplication.java:124)
	at org.eclipse.equinox.internal.app.EclipseAppHandle.run(EclipseAppHandle.java:196)
	at org.eclipse.core.runtime.internal.adaptor.EclipseAppLauncher.runApplication(EclipseAppLauncher.java:110)
	at org.eclipse.core.runtime.internal.adaptor.EclipseAppLauncher.start(EclipseAppLauncher.java:79)
	at org.eclipse.core.runtime.adaptor.EclipseStarter.run(EclipseStarter.java:354)
	at org.eclipse.core.runtime.adaptor.EclipseStarter.run(EclipseStarter.java:181)
	at sun.reflect.NativeMethodAccessorImpl.invoke0(Native Method)
	at sun.reflect.NativeMethodAccessorImpl.invoke(NativeMethodAccessorImpl.java:62)
	at sun.reflect.DelegatingMethodAccessorImpl.invoke(DelegatingMethodAccessorImpl.java:43)
	at java.lang.reflect.Method.invoke(Method.java:497)
	at org.eclipse.equinox.launcher.Main.invokeFramework(Main.java:636)
	at org.eclipse.equinox.launcher.Main.basicRun(Main.java:591)
	at org.eclipse.equinox.launcher.Main.run(Main.java:1450)
Caused by: java.io.IOException: Command [C 44 xsdb eval "::hsi::utils::generate_app_template -hw C:/snickerdoodl...] aborted
	at org.eclipse.tcf.core.AbstractChannel$9.run(AbstractChannel.java:753)
	at org.eclipse.tcf.EventQueue.run(EventQueue.java:95)
	at java.lang.Thread.run(Thread.java:745)
Caused by: java.net.SocketException: Connection reset
	at java.net.SocketInputStream.read(SocketInputStream.java:209)
	at java.net.SocketInputStream.read(SocketInputStream.java:141)
	at java.io.BufferedInputStream.read1(BufferedInputStream.java:284)
	at java.io.BufferedInputStream.read(BufferedInputStream.java:345)
	at java.io.FilterInputStream.read(FilterInputStream.java:107)
	at org.eclipse.tcf.core.ChannelTCP.get(ChannelTCP.java:162)
	at org.eclipse.tcf.core.StreamChannel.read(StreamChannel.java:84)
	at org.eclipse.tcf.core.AbstractChannel$1.run(AbstractChannel.java:254)
19:30:43 INFO  : Launching XSDB server: xsdb.bat C:/Xilinx/SDK/2015.4/scripts/xsdb/xsdb/xsdb-server.tcl
19:33:43 ERROR : Timed out. 180 seconds have elapsed while waiting for XSDB server to launch.
19:33:43 ERROR : Failed to call get_files
java.lang.Exception: java.lang.Error: Channel is waiting for Hello message
	at org.eclipse.tcf.core.Command.<init>(Command.java:83)
	at com.xilinx.sdk.xsdb.XSDBCommandManager$8.<init>(XSDBCommandManager.java:384)
	at com.xilinx.sdk.xsdb.XSDBCommandManager.issueTcfCmd(XSDBCommandManager.java:384)
	at com.xilinx.sdk.xsdb.XSDBCommandManager.access$4(XSDBCommandManager.java:381)
	at com.xilinx.sdk.xsdb.XSDBCommandManager$7.run(XSDBCommandManager.java:376)
	at org.eclipse.tcf.EventQueue.run(EventQueue.java:95)
	at java.lang.Thread.run(Thread.java:745)
Caused by: java.lang.Error: Channel is waiting for Hello message
	at org.eclipse.tcf.core.AbstractChannel.sendCommand(AbstractChannel.java:874)
	at org.eclipse.tcf.core.Command.<init>(Command.java:79)
	... 6 more
19:35:27 INFO  : Launching XSDB server: xsdb.bat C:/Xilinx/SDK/2015.4/scripts/xsdb/xsdb/xsdb-server.tcl
19:38:27 ERROR : Timed out. 180 seconds have elapsed while waiting for XSDB server to launch.
19:38:28 ERROR : Failed to call write_mss 
java.lang.Exception: java.lang.Error: Channel is waiting for Hello message
	at org.eclipse.tcf.core.Command.<init>(Command.java:83)
	at com.xilinx.sdk.xsdb.XSDBCommandManager$8.<init>(XSDBCommandManager.java:384)
	at com.xilinx.sdk.xsdb.XSDBCommandManager.issueTcfCmd(XSDBCommandManager.java:384)
	at com.xilinx.sdk.xsdb.XSDBCommandManager.access$4(XSDBCommandManager.java:381)
	at com.xilinx.sdk.xsdb.XSDBCommandManager$7.run(XSDBCommandManager.java:376)
	at org.eclipse.tcf.EventQueue.run(EventQueue.java:95)
	at java.lang.Thread.run(Thread.java:745)
Caused by: java.lang.Error: Channel is waiting for Hello message
	at org.eclipse.tcf.core.AbstractChannel.sendCommand(AbstractChannel.java:874)
	at org.eclipse.tcf.core.Command.<init>(Command.java:79)
	... 6 more
19:39:13 ERROR : Unexpected error while parsing XMD response ?: com.google.gson.JsonSyntaxException: com.google.gson.stream.MalformedJsonException: invalid number or unquoted string near 
19:39:13 INFO  : Launching XSDB server: xsdb.bat C:/Xilinx/SDK/2015.4/scripts/xsdb/xsdb/xsdb-server.tcl
19:42:13 ERROR : Timed out. 180 seconds have elapsed while waiting for XSDB server to launch.
19:58:57 INFO  : Launching XSDB server: xsdb.bat C:/Xilinx/SDK/2015.4/scripts/xsdb/xsdb/xsdb-server.tcl
19:59:00 INFO  : XSDB server has started successfully.
11:49:55 INFO  : Launching XSDB server: xsdb.bat C:/Xilinx/SDK/2015.4/scripts/xsdb/xsdb/xsdb-server.tcl
11:49:59 INFO  : XSDB server has started successfully.
11:50:24 INFO  : Processing command line option -hwspec C:/snickerdoodle_base/snickerdoodle_base.sdk/base_block_design_wrapper.hdf.
11:50:32 INFO  : Checking for hwspec changes in the project base_block_design_wrapper_hw_platform_0.
11:50:32 INFO  : SDK has detected change in the last modified timestamps for source hardware specification file Source:1458326808955,  Project:1458267935074
11:50:32 INFO  : The hardware specification for project 'base_block_design_wrapper_hw_platform_0' is different from C:/snickerdoodle_base/snickerdoodle_base.sdk/base_block_design_wrapper.hdf.
11:50:33 INFO  : Copied contents of C:/snickerdoodle_base/snickerdoodle_base.sdk/base_block_design_wrapper.hdf into \base_block_design_wrapper_hw_platform_0\system.hdf.
11:50:50 INFO  : Synchronizing projects in the workspace with the hardware platform specification changes.
11:51:27 INFO  : 
11:51:28 INFO  : Updating hardware inferred compiler options for fsbl.
11:51:28 INFO  : Clearing existing target manager status.
11:51:33 INFO  : Closing and re-opening the MSS file of ther project fsbl_bsp
11:51:35 INFO  : Workspace synchronized with the new hardware specification file. Cleaning dependent projects...
11:51:37 WARN  : Linker script will not be updated automatically. Users need to update it manually.
09:35:04 ERROR : Unexpected error while parsing XMD response ?: com.google.gson.JsonSyntaxException: com.google.gson.stream.MalformedJsonException: invalid number or unquoted string near 
14:50:04 INFO  : Launching XSDB server: xsdb.bat C:/Xilinx/SDK/2015.4/scripts/xsdb/xsdb/xsdb-server.tcl
14:50:08 INFO  : XSDB server has started successfully.
14:50:30 INFO  : Processing command line option -hwspec C:/snickerdoodle_base/snickerdoodle_base.sdk/base_block_design_wrapper.hdf.
14:50:33 INFO  : Checking for hwspec changes in the project base_block_design_wrapper_hw_platform_0.
14:50:33 INFO  : SDK has detected change in the last modified timestamps for source hardware specification file Source:1458510502488,  Project:1458326808955
14:50:33 INFO  : The hardware specification for project 'base_block_design_wrapper_hw_platform_0' is different from C:/snickerdoodle_base/snickerdoodle_base.sdk/base_block_design_wrapper.hdf.
14:50:33 INFO  : Copied contents of C:/snickerdoodle_base/snickerdoodle_base.sdk/base_block_design_wrapper.hdf into \base_block_design_wrapper_hw_platform_0\system.hdf.
14:50:46 INFO  : Synchronizing projects in the workspace with the hardware platform specification changes.
14:51:12 INFO  : 
14:51:13 INFO  : Updating hardware inferred compiler options for fsbl.
14:51:13 INFO  : Clearing existing target manager status.
14:51:17 INFO  : Closing and re-opening the MSS file of ther project fsbl_bsp
14:51:19 INFO  : Workspace synchronized with the new hardware specification file. Cleaning dependent projects...
14:51:20 WARN  : Linker script will not be updated automatically. Users need to update it manually.
14:52:07 ERROR : Unexpected error while parsing XMD response ?: com.google.gson.JsonSyntaxException: com.google.gson.stream.MalformedJsonException: invalid number or unquoted string near 
14:52:58 INFO  : Launching XSDB server: xsdb.bat C:/Xilinx/SDK/2015.4/scripts/xsdb/xsdb/xsdb-server.tcl
14:53:00 INFO  : XSDB server has started successfully.
14:53:03 INFO  : Processing command line option -hwspec C:/snickerdoodle_base/snickerdoodle_base.sdk/base_block_design_wrapper.hdf.
14:53:04 INFO  : Checking for hwspec changes in the project base_block_design_wrapper_hw_platform_0.
10:37:31 INFO  : Launching XSDB server: xsdb.bat C:/Xilinx/SDK/2015.4/scripts/xsdb/xsdb/xsdb-server.tcl
10:37:35 INFO  : XSDB server has started successfully.
10:37:41 INFO  : Processing command line option -hwspec C:/snickerdoodle_base/snickerdoodle_base.sdk/base_block_design_wrapper.hdf.
10:37:43 INFO  : Checking for hwspec changes in the project base_block_design_wrapper_hw_platform_0.
10:37:51 INFO  : SDK has detected change in the last modified timestamps for source hardware specification file Source:1458840976269,  Project:1458510502488
10:37:51 INFO  : The hardware specification for project 'base_block_design_wrapper_hw_platform_0' is different from C:/snickerdoodle_base/snickerdoodle_base.sdk/base_block_design_wrapper.hdf.
10:37:51 INFO  : Copied contents of C:/snickerdoodle_base/snickerdoodle_base.sdk/base_block_design_wrapper.hdf into \base_block_design_wrapper_hw_platform_0\system.hdf.
10:37:58 INFO  : Synchronizing projects in the workspace with the hardware platform specification changes.
10:37:58 INFO  : Clearing existing target manager status.
10:38:01 INFO  : Workspace synchronized with the new hardware specification file. Cleaning dependent projects...
10:38:01 WARN  : Linker script will not be updated automatically. Users need to update it manually.
10:38:15 ERROR : Unexpected error while parsing XMD response ?: com.google.gson.JsonSyntaxException: com.google.gson.stream.MalformedJsonException: invalid number or unquoted string near 
10:38:44 INFO  : Launching XSDB server: xsdb.bat C:/Xilinx/SDK/2015.4/scripts/xsdb/xsdb/xsdb-server.tcl
10:38:45 INFO  : XSDB server has started successfully.
10:38:48 INFO  : Processing command line option -hwspec C:/snickerdoodle_base/snickerdoodle_base.sdk/base_block_design_wrapper.hdf.
10:38:49 INFO  : Checking for hwspec changes in the project base_block_design_wrapper_hw_platform_0.
10:04:21 INFO  : Launching XSDB server: xsdb.bat C:/Xilinx/SDK/2015.4/scripts/xsdb/xsdb/xsdb-server.tcl
10:04:29 INFO  : XSDB server has started successfully.
10:04:31 INFO  : Processing command line option -hwspec C:/snickerdoodle_base/snickerdoodle_base.sdk/base_block_design_wrapper.hdf.
10:04:31 INFO  : Checking for hwspec changes in the project base_block_design_wrapper_hw_platform_0.
10:04:35 INFO  : SDK has detected change in the last modified timestamps for source hardware specification file Source:1460393148859,  Project:1458840976269
10:04:35 INFO  : The hardware specification for project 'base_block_design_wrapper_hw_platform_0' is different from C:/snickerdoodle_base/snickerdoodle_base.sdk/base_block_design_wrapper.hdf.
10:04:35 INFO  : Copied contents of C:/snickerdoodle_base/snickerdoodle_base.sdk/base_block_design_wrapper.hdf into \base_block_design_wrapper_hw_platform_0\system.hdf.
10:04:42 INFO  : Synchronizing projects in the workspace with the hardware platform specification changes.
10:04:43 INFO  : Clearing existing target manager status.
10:04:45 INFO  : Workspace synchronized with the new hardware specification file. Cleaning dependent projects...
10:04:45 WARN  : Linker script will not be updated automatically. Users need to update it manually.
10:06:07 ERROR : Failed to call GENERATE_APP 
java.io.IOException: Command [C 34 xsdb eval "::hsi::utils::generate_app_template -hw C:/snickerdoodl...] aborted
	at org.eclipse.tcf.core.AbstractChannel$9.run(AbstractChannel.java:753)
	at org.eclipse.tcf.EventQueue.run(EventQueue.java:95)
	at java.lang.Thread.run(Thread.java:745)
Caused by: java.net.SocketException: Connection reset
	at java.net.SocketInputStream.read(SocketInputStream.java:209)
	at java.net.SocketInputStream.read(SocketInputStream.java:141)
	at java.io.BufferedInputStream.read1(BufferedInputStream.java:284)
	at java.io.BufferedInputStream.read(BufferedInputStream.java:345)
	at java.io.FilterInputStream.read(FilterInputStream.java:107)
	at org.eclipse.tcf.core.ChannelTCP.get(ChannelTCP.java:162)
	at org.eclipse.tcf.core.StreamChannel.read(StreamChannel.java:84)
	at org.eclipse.tcf.core.AbstractChannel$1.run(AbstractChannel.java:254)
10:06:07 ERROR : 
java.lang.RuntimeException: Failed to call GENERATE_APP 
	at com.xilinx.sdk.xsdb.XsdbCommandUtils.handleResult(XsdbCommandUtils.java:306)
	at com.xilinx.sdk.xsdb.XsdbCommandUtils.executeAndRespond(XsdbCommandUtils.java:256)
	at com.xilinx.sdk.appwiz.internal.AppGen.generate(AppGen.java:555)
	at com.xilinx.sdk.appwiz.core.StandaloneProjectHandler.createCoreApp(StandaloneProjectHandler.java:85)
	at com.xilinx.sdk.appwiz.core.AppCreationHandler.createApplication(AppCreationHandler.java:123)
	at com.xilinx.sdk.appwiz.core.AppCreationHandler$1.run(AppCreationHandler.java:62)
	at org.eclipse.core.internal.resources.Workspace.run(Workspace.java:2345)
	at org.eclipse.core.internal.resources.Workspace.run(Workspace.java:2327)
	at com.xilinx.sdk.appwiz.core.AppCreationHandler.execute(AppCreationHandler.java:58)
	at com.xilinx.sdk.appwiz.ApplicationWizard.createNewProject(ApplicationWizard.java:120)
	at org.eclipse.cdt.ui.wizards.NewCProjectWizard.doRun(NewCProjectWizard.java:293)
	at org.eclipse.cdt.ui.wizards.NewCProjectWizard$1$1$1.run(NewCProjectWizard.java:235)
	at org.eclipse.ui.actions.WorkspaceModifyDelegatingOperation.execute(WorkspaceModifyDelegatingOperation.java:69)
	at org.eclipse.ui.actions.WorkspaceModifyOperation$1.run(WorkspaceModifyOperation.java:106)
	at org.eclipse.core.internal.resources.Workspace.run(Workspace.java:2345)
	at org.eclipse.ui.actions.WorkspaceModifyOperation.run(WorkspaceModifyOperation.java:118)
	at org.eclipse.jface.operation.ModalContext.runInCurrentThread(ModalContext.java:464)
	at org.eclipse.jface.operation.ModalContext.run(ModalContext.java:372)
	at org.eclipse.jface.wizard.WizardDialog.run(WizardDialog.java:1028)
	at org.eclipse.cdt.ui.wizards.NewCProjectWizard$1$1.run(NewCProjectWizard.java:245)
	at org.eclipse.ui.internal.UILockListener.doPendingWork(UILockListener.java:164)
	at org.eclipse.ui.internal.UISynchronizer$3.run(UISynchronizer.java:158)
	at org.eclipse.swt.widgets.RunnableLock.run(RunnableLock.java:35)
	at org.eclipse.swt.widgets.Synchronizer.runAsyncMessages(Synchronizer.java:135)
	at org.eclipse.swt.widgets.Display.runAsyncMessages(Display.java:4145)
	at org.eclipse.swt.widgets.Display.readAndDispatch(Display.java:3762)
	at org.eclipse.jface.operation.ModalContext$ModalContextThread.block(ModalContext.java:173)
	at org.eclipse.jface.operation.ModalContext.run(ModalContext.java:388)
	at org.eclipse.jface.wizard.WizardDialog.run(WizardDialog.java:1028)
	at org.eclipse.cdt.ui.wizards.NewCProjectWizard.invokeRunnable(NewCProjectWizard.java:272)
	at org.eclipse.cdt.ui.wizards.NewCProjectWizard.performFinish(NewCProjectWizard.java:162)
	at org.eclipse.jface.wizard.WizardDialog.finishPressed(WizardDialog.java:827)
	at org.eclipse.jface.wizard.WizardDialog.buttonPressed(WizardDialog.java:432)
	at org.eclipse.jface.dialogs.Dialog$2.widgetSelected(Dialog.java:628)
	at org.eclipse.swt.widgets.TypedListener.handleEvent(TypedListener.java:248)
	at org.eclipse.swt.widgets.EventTable.sendEvent(EventTable.java:84)
	at org.eclipse.swt.widgets.Widget.sendEvent(Widget.java:1057)
	at org.eclipse.swt.widgets.Display.runDeferredEvents(Display.java:4170)
	at org.eclipse.swt.widgets.Display.readAndDispatch(Display.java:3759)
	at org.eclipse.jface.window.Window.runEventLoop(Window.java:826)
	at org.eclipse.jface.window.Window.open(Window.java:802)
	at org.eclipse.ui.actions.NewProjectAction.run(NewProjectAction.java:117)
	at org.eclipse.jface.action.Action.runWithEvent(Action.java:499)
	at org.eclipse.jface.action.ActionContributionItem.handleWidgetSelection(ActionContributionItem.java:584)
	at org.eclipse.jface.action.ActionContributionItem.access$2(ActionContributionItem.java:501)
	at org.eclipse.jface.action.ActionContributionItem$5.handleEvent(ActionContributionItem.java:411)
	at org.eclipse.swt.widgets.EventTable.sendEvent(EventTable.java:84)
	at org.eclipse.swt.widgets.Widget.sendEvent(Widget.java:1057)
	at org.eclipse.swt.widgets.Display.runDeferredEvents(Display.java:4170)
	at org.eclipse.swt.widgets.Display.readAndDispatch(Display.java:3759)
	at org.eclipse.e4.ui.internal.workbench.swt.PartRenderingEngine$9.run(PartRenderingEngine.java:1113)
	at org.eclipse.core.databinding.observable.Realm.runWithDefault(Realm.java:332)
	at org.eclipse.e4.ui.internal.workbench.swt.PartRenderingEngine.run(PartRenderingEngine.java:997)
	at org.eclipse.e4.ui.internal.workbench.E4Workbench.createAndRunUI(E4Workbench.java:140)
	at org.eclipse.ui.internal.Workbench$5.run(Workbench.java:611)
	at org.eclipse.core.databinding.observable.Realm.runWithDefault(Realm.java:332)
	at org.eclipse.ui.internal.Workbench.createAndRunWorkbench(Workbench.java:567)
	at org.eclipse.ui.PlatformUI.createAndRunWorkbench(PlatformUI.java:150)
	at org.eclipse.ui.internal.ide.application.IDEApplication.start(IDEApplication.java:124)
	at org.eclipse.equinox.internal.app.EclipseAppHandle.run(EclipseAppHandle.java:196)
	at org.eclipse.core.runtime.internal.adaptor.EclipseAppLauncher.runApplication(EclipseAppLauncher.java:110)
	at org.eclipse.core.runtime.internal.adaptor.EclipseAppLauncher.start(EclipseAppLauncher.java:79)
	at org.eclipse.core.runtime.adaptor.EclipseStarter.run(EclipseStarter.java:354)
	at org.eclipse.core.runtime.adaptor.EclipseStarter.run(EclipseStarter.java:181)
	at sun.reflect.NativeMethodAccessorImpl.invoke0(Native Method)
	at sun.reflect.NativeMethodAccessorImpl.invoke(NativeMethodAccessorImpl.java:62)
	at sun.reflect.DelegatingMethodAccessorImpl.invoke(DelegatingMethodAccessorImpl.java:43)
	at java.lang.reflect.Method.invoke(Method.java:497)
	at org.eclipse.equinox.launcher.Main.invokeFramework(Main.java:636)
	at org.eclipse.equinox.launcher.Main.basicRun(Main.java:591)
	at org.eclipse.equinox.launcher.Main.run(Main.java:1450)
Caused by: java.io.IOException: Command [C 34 xsdb eval "::hsi::utils::generate_app_template -hw C:/snickerdoodl...] aborted
	at org.eclipse.tcf.core.AbstractChannel$9.run(AbstractChannel.java:753)
	at org.eclipse.tcf.EventQueue.run(EventQueue.java:95)
	at java.lang.Thread.run(Thread.java:745)
Caused by: java.net.SocketException: Connection reset
	at java.net.SocketInputStream.read(SocketInputStream.java:209)
	at java.net.SocketInputStream.read(SocketInputStream.java:141)
	at java.io.BufferedInputStream.read1(BufferedInputStream.java:284)
	at java.io.BufferedInputStream.read(BufferedInputStream.java:345)
	at java.io.FilterInputStream.read(FilterInputStream.java:107)
	at org.eclipse.tcf.core.ChannelTCP.get(ChannelTCP.java:162)
	at org.eclipse.tcf.core.StreamChannel.read(StreamChannel.java:84)
	at org.eclipse.tcf.core.AbstractChannel$1.run(AbstractChannel.java:254)
10:06:09 INFO  : Launching XSDB server: xsdb.bat C:/Xilinx/SDK/2015.4/scripts/xsdb/xsdb/xsdb-server.tcl
10:08:47 INFO  : Launching XSDB server: xsdb.bat C:/Xilinx/SDK/2015.4/scripts/xsdb/xsdb/xsdb-server.tcl
10:08:49 INFO  : XSDB server has started successfully.
10:08:49 INFO  : Processing command line option -hwspec C:/snickerdoodle_base/snickerdoodle_base.sdk/base_block_design_wrapper.hdf.
10:08:50 INFO  : Checking for hwspec changes in the project base_block_design_wrapper_hw_platform_0.
10:09:23 INFO  : Launching XSDB server: xsdb.bat C:/Xilinx/SDK/2015.4/scripts/xsdb/xsdb/xsdb-server.tcl
10:09:25 INFO  : XSDB server has started successfully.
10:09:25 INFO  : Processing command line option -hwspec C:/snickerdoodle_base/snickerdoodle_base.sdk/base_block_design_wrapper.hdf.
10:09:25 INFO  : Checking for hwspec changes in the project base_block_design_wrapper_hw_platform_0.
17:28:31 INFO  : Launching XSDB server: xsdb.bat C:/Xilinx/SDK/2015.4/scripts/xsdb/xsdb/xsdb-server.tcl
17:28:36 INFO  : XSDB server has started successfully.
17:28:47 INFO  : Processing command line option -hwspec C:/snickerdoodle_base/snickerdoodle_base.sdk/base_block_design_wrapper.hdf.
17:28:49 INFO  : Checking for hwspec changes in the project base_block_design_wrapper_hw_platform_0.
17:28:49 INFO  : SDK has detected change in the last modified timestamps for source hardware specification file Source:1461111355804,  Project:1460393148859
17:28:49 INFO  : The hardware specification for project 'base_block_design_wrapper_hw_platform_0' is different from C:/snickerdoodle_base/snickerdoodle_base.sdk/base_block_design_wrapper.hdf.
17:28:50 INFO  : Copied contents of C:/snickerdoodle_base/snickerdoodle_base.sdk/base_block_design_wrapper.hdf into \base_block_design_wrapper_hw_platform_0\system.hdf.
17:28:58 INFO  : Synchronizing projects in the workspace with the hardware platform specification changes.
17:29:17 INFO  : 
17:29:18 INFO  : Updating hardware inferred compiler options for fsbl.
17:29:18 INFO  : Clearing existing target manager status.
17:29:21 INFO  : Closing and re-opening the MSS file of ther project fsbl_bsp
17:29:23 INFO  : Workspace synchronized with the new hardware specification file. Cleaning dependent projects...
17:29:23 WARN  : Linker script will not be updated automatically. Users need to update it manually.
17:30:41 ERROR : Unexpected error while parsing XMD response ?: com.google.gson.JsonSyntaxException: com.google.gson.stream.MalformedJsonException: invalid number or unquoted string near 
17:34:06 INFO  : Launching XSDB server: xsdb.bat C:/Xilinx/SDK/2015.4/scripts/xsdb/xsdb/xsdb-server.tcl
17:34:08 INFO  : XSDB server has started successfully.
17:34:10 INFO  : Processing command line option -hwspec C:/snickerdoodle_GPIO/snickerdoodle_GPIO.sdk/base_block_design_wrapper.hdf.
17:35:37 INFO  : Launching XSDB server: xsdb.bat C:/Xilinx/SDK/2015.4/scripts/xsdb/xsdb/xsdb-server.tcl
17:35:38 INFO  : XSDB server has started successfully.
17:35:40 INFO  : Processing command line option -hwspec C:/snickerdoodle_GPIO/snickerdoodle_GPIO.sdk/base_block_design_wrapper.hdf.
16:35:44 INFO  : Launching XSDB server: xsdb.bat C:/Xilinx/SDK/2015.4/scripts/xsdb/xsdb/xsdb-server.tcl
16:35:46 INFO  : XSDB server has started successfully.
16:35:53 INFO  : Processing command line option -hwspec C:/snickerdoodle_GPIO/snickerdoodle_GPIO.sdk/base_block_design_wrapper.hdf.
16:35:54 INFO  : Checking for hwspec changes in the project base_block_design_wrapper_hw_platform_0.
16:35:54 INFO  : SDK has detected change in the last modified timestamps for source hardware specification file Source:1461972272336,  Project:1461111355000
16:35:54 INFO  : The hardware specification for project 'base_block_design_wrapper_hw_platform_0' is different from C:/snickerdoodle_GPIO/snickerdoodle_GPIO.sdk/base_block_design_wrapper.hdf.
16:36:16 INFO  : Copied contents of C:/snickerdoodle_GPIO/snickerdoodle_GPIO.sdk/base_block_design_wrapper.hdf into \base_block_design_wrapper_hw_platform_0\system.hdf.
16:36:27 INFO  : Synchronizing projects in the workspace with the hardware platform specification changes.
16:36:36 INFO  : 
16:36:37 INFO  : Updating hardware inferred compiler options for fsbl.
16:36:37 INFO  : Clearing existing target manager status.
16:36:39 INFO  : Closing and re-opening the MSS file of ther project fsbl_bsp
16:36:41 INFO  : Workspace synchronized with the new hardware specification file. Cleaning dependent projects...
16:36:41 WARN  : Linker script will not be updated automatically. Users need to update it manually.
16:37:27 ERROR : Unexpected error while parsing XMD response ?: com.google.gson.JsonSyntaxException: com.google.gson.stream.MalformedJsonException: invalid number or unquoted string near 
