Copyright 1986-2017 Xilinx, Inc. All Rights Reserved.
----------------------------------------------------------------------------------------------------------------------------------------------------------
| Tool Version     : Vivado v.2017.4 (win64) Build 2086221 Fri Dec 15 20:55:39 MST 2017
| Date             : Tue Mar 20 16:24:01 2018
| Host             : WIN-MJ2I8SI0RJV running 64-bit major release  (build 9200)
| Command          : report_power -file base_wrapper_power_routed.rpt -pb base_wrapper_power_summary_routed.pb -rpx base_wrapper_power_routed.rpx
| Design           : base_wrapper
| Device           : xc7z020clg400-1
| Design State     : routed
| Grade            : commercial
| Process          : typical
| Characterization : Production
----------------------------------------------------------------------------------------------------------------------------------------------------------

Power Report

Table of Contents
-----------------
1. Summary
1.1 On-Chip Components
1.2 Power Supply Summary
1.3 Confidence Level
2. Settings
2.1 Environment
2.2 Clock Constraints
3. Detailed Reports
3.1 By Hierarchy

1. Summary
----------

+--------------------------+--------------+
| Total On-Chip Power (W)  | 1.177        |
| Design Power Budget (W)  | Unspecified* |
| Power Budget Margin (W)  | NA           |
| Dynamic (W)              | 1.047        |
| Device Static (W)        | 0.130        |
| Effective TJA (C/W)      | 11.5         |
| Max Ambient (C)          | 71.4         |
| Junction Temperature (C) | 38.6         |
| Confidence Level         | Low          |
| Setting File             | ---          |
| Simulation Activity File | ---          |
| Design Nets Matched      | NA           |
+--------------------------+--------------+
* Specify Design Power Budget using, set_operating_conditions -design_power_budget <value in Watts>


1.1 On-Chip Components
----------------------

+--------------+-----------+----------+-----------+-----------------+
| On-Chip      | Power (W) | Used     | Available | Utilization (%) |
+--------------+-----------+----------+-----------+-----------------+
| Clocks       |    <0.001 |        3 |       --- |             --- |
| Slice Logic  |     0.000 |      135 |       --- |             --- |
|   Others     |     0.000 |      135 |       --- |             --- |
| Signals      |    <0.001 |        4 |       --- |             --- |
| I/O          |     0.001 |        4 |       125 |            3.20 |
| PS7          |     1.045 |        1 |       --- |             --- |
| Static Power |     0.130 |          |           |                 |
| Total        |     1.177 |          |           |                 |
+--------------+-----------+----------+-----------+-----------------+


1.2 Power Supply Summary
------------------------

+-----------+-------------+-----------+-------------+------------+
| Source    | Voltage (V) | Total (A) | Dynamic (A) | Static (A) |
+-----------+-------------+-----------+-------------+------------+
| Vccint    |       1.000 |     0.012 |       0.000 |      0.012 |
| Vccaux    |       1.800 |     0.013 |       0.000 |      0.013 |
| Vcco33    |       3.300 |     0.001 |       0.000 |      0.001 |
| Vcco25    |       2.500 |     0.000 |       0.000 |      0.000 |
| Vcco18    |       1.800 |     0.000 |       0.000 |      0.000 |
| Vcco15    |       1.500 |     0.000 |       0.000 |      0.000 |
| Vcco135   |       1.350 |     0.000 |       0.000 |      0.000 |
| Vcco12    |       1.200 |     0.000 |       0.000 |      0.000 |
| Vccaux_io |       1.800 |     0.000 |       0.000 |      0.000 |
| Vccbram   |       1.000 |     0.001 |       0.000 |      0.001 |
| MGTAVcc   |       1.000 |     0.000 |       0.000 |      0.000 |
| MGTAVtt   |       1.200 |     0.000 |       0.000 |      0.000 |
| MGTVccaux |       1.800 |     0.000 |       0.000 |      0.000 |
| Vccpint   |       1.000 |     0.761 |       0.736 |      0.025 |
| Vccpaux   |       1.800 |     0.079 |       0.069 |      0.010 |
| Vccpll    |       1.800 |     0.018 |       0.015 |      0.003 |
| Vcco_ddr  |       1.200 |     0.130 |       0.128 |      0.002 |
| Vcco_mio0 |       1.800 |     0.003 |       0.002 |      0.001 |
| Vcco_mio1 |       1.800 |     0.002 |       0.001 |      0.001 |
| Vccadc    |       1.800 |     0.020 |       0.000 |      0.020 |
+-----------+-------------+-----------+-------------+------------+


1.3 Confidence Level
--------------------

+-----------------------------+------------+--------------------------------------------------------+----------------------------------------------------------------------------------------------------------+
| User Input Data             | Confidence | Details                                                | Action                                                                                                   |
+-----------------------------+------------+--------------------------------------------------------+----------------------------------------------------------------------------------------------------------+
| Design implementation state | High       | Design is routed                                       |                                                                                                          |
| Clock nodes activity        | High       | User specified more than 95% of clocks                 |                                                                                                          |
| I/O nodes activity          | Low        | More than 75% of inputs are missing user specification | Provide missing input activity with simulation results or by editing the "By Resource Type -> I/Os" view |
| Internal nodes activity     | High       | User specified more than 25% of internal nodes         |                                                                                                          |
| Device models               | High       | Device models are Production                           |                                                                                                          |
|                             |            |                                                        |                                                                                                          |
| Overall confidence level    | Low        |                                                        |                                                                                                          |
+-----------------------------+------------+--------------------------------------------------------+----------------------------------------------------------------------------------------------------------+


2. Settings
-----------

2.1 Environment
---------------

+-----------------------+------------------------+
| Ambient Temp (C)      | 25.0                   |
| ThetaJA (C/W)         | 11.5                   |
| Airflow (LFM)         | 250                    |
| Heat Sink             | none                   |
| ThetaSA (C/W)         | 0.0                    |
| Board Selection       | medium (10"x10")       |
| # of Board Layers     | 8to11 (8 to 11 Layers) |
| Board Temperature (C) | 25.0                   |
+-----------------------+------------------------+


2.2 Clock Constraints
---------------------

+------------+---------------------------------------------------------+-----------------+
| Clock      | Domain                                                  | Constraint (ns) |
+------------+---------------------------------------------------------+-----------------+
| clk_fpga_0 | base_i/processing_system7_0/inst/FCLK_CLK_unbuffered[0] |            20.0 |
+------------+---------------------------------------------------------+-----------------+


3. Detailed Reports
-------------------

3.1 By Hierarchy
----------------

+--------------------------+-----------+
| Name                     | Power (W) |
+--------------------------+-----------+
| base_wrapper             |     1.047 |
|   base_i                 |     1.046 |
|     processing_system7_0 |     1.046 |
|       inst               |     1.046 |
|     vcc                  |     0.000 |
+--------------------------+-----------+


